<?xml version="1.0" encoding="UTF-8" standalone="yes"?><!DOCTYPE report PUBLIC "-//JACOCO//DTD Report 1.1//EN" "report.dtd"><report name="Dependency-Check Maven Plugin"><sessioninfo id="Jeremys-MBP.fios-router.home-da852285" start="1599480687430" dump="1599480690460"/><sessioninfo id="Jeremys-MBP.fios-router.home-8afab87d" start="1599480693628" dump="1599480810648"/><sessioninfo id="Jeremys-MBP.fios-router.home-63d5cb37" start="1599480693645" dump="1599480816330"/><sessioninfo id="Jeremys-MBP.fios-router.home-26fd4247" start="1599480812684" dump="1599480831837"/><sessioninfo id="Jeremys-MBP.fios-router.home-349d98a4" start="1599480693626" dump="1599480939139"/><sessioninfo id="Jeremys-MBP.fios-router.home-5cc28c04" start="1599480693627" dump="1599480966968"/><sessioninfo id="Jeremys-MBP.fios-router.home-b290c31b" start="1599480817243" dump="1599480971138"/><sessioninfo id="Jeremys-MBP.fios-router.home-5408ac32" start="1599480832249" dump="1599480976642"/><sessioninfo id="Jeremys-MBP.fios-router.home-3231750" start="1599480968638" dump="1599481004233"/><sessioninfo id="Jeremys-MBP.fios-router.home-a5844238" start="1599480977901" dump="1599481020885"/><sessioninfo id="Jeremys-MBP.fios-router.home-583d1bac" start="1599480971952" dump="1599481021797"/><sessioninfo id="Jeremys-MBP.fios-router.home-94b3ef99" start="1599480941741" dump="1599481048650"/><sessioninfo id="Jeremys-MBP.fios-router.home-2f2c0ec1" start="1599481010234" dump="1599481055118"/><sessioninfo id="Jeremys-MBP.fios-router.home-7d68ce97" start="1599481022950" dump="1599481073394"/><sessioninfo id="Jeremys-MBP.fios-router.home-90cbb403" start="1599481022279" dump="1599481078473"/><sessioninfo id="Jeremys-MBP.fios-router.home-51e0d654" start="1599481049603" dump="1599481086425"/><sessioninfo id="Jeremys-MBP.fios-router.home-b05c999a" start="1599481056224" dump="1599481095681"/><sessioninfo id="Jeremys-MBP.fios-router.home-f40d09e9" start="1599481080377" dump="1599481113849"/><sessioninfo id="Jeremys-MBP.fios-router.home-645481f" start="1599481074761" dump="1599481115732"/><sessioninfo id="Jeremys-MBP.fios-router.home-c7ff5d28" start="1599481087297" dump="1599481124274"/><package name="org/owasp/dependencycheck/maven"><class name="org/owasp/dependencycheck/maven/ArtifactScopeExcluded" sourcefilename="ArtifactScopeExcluded.java"><method name="&lt;init&gt;" desc="(ZZZZ)V" line="60"><counter type="INSTRUCTION" missed="0" covered="15"/><counter type="LINE" missed="0" covered="6"/><counter type="COMPLEXITY" missed="0" covered="1"/><counter type="METHOD" missed="0" covered="1"/></method><method name="passes" desc="(Ljava/lang/String;)Z" line="77"><counter type="INSTRUCTION" missed="12" covered="38"/><counter type="BRANCH" missed="8" covered="14"/><counter type="LINE" missed="2" covered="9"/><counter type="COMPLEXITY" missed="6" covered="6"/><counter type="METHOD" missed="0" covered="1"/></method><counter type="INSTRUCTION" missed="12" covered="53"/><counter type="BRANCH" missed="8" covered="14"/><counter type="LINE" missed="2" covered="15"/><counter type="COMPLEXITY" missed="6" covered="7"/><counter type="METHOD" missed="0" covered="2"/><counter type="CLASS" missed="0" covered="1"/></class><class name="org/owasp/dependencycheck/maven/CheckMojo" sourcefilename="CheckMojo.java"><method name="&lt;init&gt;" desc="()V" line="43"><counter type="INSTRUCTION" missed="0" covered="6"/><counter type="LINE" missed="0" covered="2"/><counter type="COMPLEXITY" missed="0" covered="1"/><counter type="METHOD" missed="0" covered="1"/></method><method name="canGenerateReport" desc="()Z" line="60"><counter type="INSTRUCTION" missed="1" covered="27"/><counter type="BRANCH" missed="2" covered="2"/><counter type="LINE" missed="1" covered="7"/><counter type="COMPLEXITY" missed="2" covered="1"/><counter type="METHOD" missed="0" covered="1"/></method><method name="getName" desc="(Ljava/util/Locale;)Ljava/lang/String;" line="79"><counter type="INSTRUCTION" missed="0" covered="3"/><counter type="LINE" missed="0" covered="1"/><counter type="COMPLEXITY" missed="0" covered="1"/><counter type="METHOD" missed="0" covered="1"/></method><method name="getDescription" desc="(Ljava/util/Locale;)Ljava/lang/String;" line="91"><counter type="INSTRUCTION" missed="0" covered="2"/><counter type="LINE" missed="0" covered="1"/><counter type="COMPLEXITY" missed="0" covered="1"/><counter type="METHOD" missed="0" covered="1"/></method><method name="scanDependencies" desc="(Lorg/owasp/dependencycheck/Engine;)Lorg/owasp/dependencycheck/exception/ExceptionCollection;" line="104"><counter type="INSTRUCTION" missed="0" covered="6"/><counter type="LINE" missed="0" covered="1"/><counter type="COMPLEXITY" missed="0" covered="1"/><counter type="METHOD" missed="0" covered="1"/></method><counter type="INSTRUCTION" missed="1" covered="44"/><counter type="BRANCH" missed="2" covered="2"/><counter type="LINE" missed="1" covered="12"/><counter type="COMPLEXITY" missed="2" covered="5"/><counter type="METHOD" missed="0" covered="5"/><counter type="CLASS" missed="0" covered="1"/></class><class name="org/owasp/dependencycheck/maven/AggregateMojo" sourcefilename="AggregateMojo.java"><method name="&lt;init&gt;" desc="()V" line="49"><counter type="INSTRUCTION" missed="0" covered="6"/><counter type="LINE" missed="0" covered="2"/><counter type="COMPLEXITY" missed="0" covered="1"/><counter type="METHOD" missed="0" covered="1"/></method><method name="scanDependencies" desc="(Lorg/owasp/dependencycheck/Engine;)Lorg/owasp/dependencycheck/exception/ExceptionCollection;" line="67"><counter type="INSTRUCTION" missed="47" covered="31"/><counter type="BRANCH" missed="9" covered="3"/><counter type="LINE" missed="11" covered="6"/><counter type="COMPLEXITY" missed="5" covered="2"/><counter type="METHOD" missed="0" covered="1"/></method><method name="getDescendants" desc="(Lorg/apache/maven/project/MavenProject;)Ljava/util/Set;" line="101"><counter type="INSTRUCTION" missed="54" covered="243"/><counter type="BRANCH" missed="14" covered="42"/><counter type="LINE" missed="9" covered="42"/><counter type="COMPLEXITY" missed="10" covered="19"/><counter type="METHOD" missed="0" covered="1"/></method><method name="isMultiModule" desc="(Lorg/apache/maven/project/MavenProject;)Z" line="179"><counter type="INSTRUCTION" missed="5" covered="0"/><counter type="LINE" missed="1" covered="0"/><counter type="COMPLEXITY" missed="1" covered="0"/><counter type="METHOD" missed="1" covered="0"/></method><method name="canGenerateReport" desc="()Z" line="184"><counter type="INSTRUCTION" missed="2" covered="0"/><counter type="LINE" missed="1" covered="0"/><counter type="COMPLEXITY" missed="1" covered="0"/><counter type="METHOD" missed="1" covered="0"/></method><method name="getName" desc="(Ljava/util/Locale;)Ljava/lang/String;" line="195"><counter type="INSTRUCTION" missed="3" covered="0"/><counter type="LINE" missed="1" covered="0"/><counter type="COMPLEXITY" missed="1" covered="0"/><counter type="METHOD" missed="1" covered="0"/></method><method name="getDescription" desc="(Ljava/util/Locale;)Ljava/lang/String;" line="207"><counter type="INSTRUCTION" missed="2" covered="0"/><counter type="LINE" missed="1" covered="0"/><counter type="COMPLEXITY" missed="1" covered="0"/><counter type="METHOD" missed="1" covered="0"/></method><counter type="INSTRUCTION" missed="113" covered="280"/><counter type="BRANCH" missed="23" covered="45"/><counter type="LINE" missed="24" covered="50"/><counter type="COMPLEXITY" missed="19" covered="22"/><counter type="METHOD" missed="4" covered="3"/><counter type="CLASS" missed="0" covered="1"/></class><class name="org/owasp/dependencycheck/maven/PurgeMojo" sourcefilename="PurgeMojo.java"><method name="&lt;init&gt;" desc="()V" line="43"><counter type="INSTRUCTION" missed="3" covered="0"/><counter type="LINE" missed="1" covered="0"/><counter type="COMPLEXITY" missed="1" covered="0"/><counter type="METHOD" missed="1" covered="0"/></method><method name="canGenerateReport" desc="()Z" line="52"><counter type="INSTRUCTION" missed="2" covered="0"/><counter type="LINE" missed="1" covered="0"/><counter type="COMPLEXITY" missed="1" covered="0"/><counter type="METHOD" missed="1" covered="0"/></method><method name="runCheck" desc="()V" line="65"><counter type="INSTRUCTION" missed="18" covered="0"/><counter type="LINE" missed="5" covered="0"/><counter type="COMPLEXITY" missed="1" covered="0"/><counter type="METHOD" missed="1" covered="0"/></method><method name="getName" desc="(Ljava/util/Locale;)Ljava/lang/String;" line="81"><counter type="INSTRUCTION" missed="2" covered="0"/><counter type="LINE" missed="1" covered="0"/><counter type="COMPLEXITY" missed="1" covered="0"/><counter type="METHOD" missed="1" covered="0"/></method><method name="getDescription" desc="(Ljava/util/Locale;)Ljava/lang/String;" line="93"><counter type="INSTRUCTION" missed="2" covered="0"/><counter type="LINE" missed="1" covered="0"/><counter type="COMPLEXITY" missed="1" covered="0"/><counter type="METHOD" missed="1" covered="0"/></method><method name="scanDependencies" desc="(Lorg/owasp/dependencycheck/Engine;)Lorg/owasp/dependencycheck/exception/ExceptionCollection;" line="105"><counter type="INSTRUCTION" missed="5" covered="0"/><counter type="LINE" missed="1" covered="0"/><counter type="COMPLEXITY" missed="1" covered="0"/><counter type="METHOD" missed="1" covered="0"/></method><counter type="INSTRUCTION" missed="32" covered="0"/><counter type="LINE" missed="10" covered="0"/><counter type="COMPLEXITY" missed="6" covered="0"/><counter type="METHOD" missed="6" covered="0"/><counter type="CLASS" missed="1" covered="0"/></class><class name="org/owasp/dependencycheck/maven/HelpMojo" sourcefilename="HelpMojo.java"><method name="&lt;init&gt;" desc="()V" line="29"><counter type="INSTRUCTION" missed="3" covered="0"/><counter type="LINE" missed="1" covered="0"/><counter type="COMPLEXITY" missed="1" covered="0"/><counter type="METHOD" missed="1" covered="0"/></method><method name="build" desc="()Lorg/w3c/dom/Document;" line="69"><counter type="INSTRUCTION" missed="59" covered="0"/><counter type="BRANCH" missed="2" covered="0"/><counter type="LINE" missed="17" covered="0"/><counter type="COMPLEXITY" missed="2" covered="0"/><counter type="METHOD" missed="1" covered="0"/></method><method name="execute" desc="()V" line="112"><counter type="INSTRUCTION" missed="187" covered="0"/><counter type="BRANCH" missed="20" covered="0"/><counter type="LINE" missed="31" covered="0"/><counter type="COMPLEXITY" missed="11" covered="0"/><counter type="METHOD" missed="1" covered="0"/></method><method name="isNotEmpty" desc="(Ljava/lang/String;)Z" line="177"><counter type="INSTRUCTION" missed="9" covered="0"/><counter type="BRANCH" missed="4" covered="0"/><counter type="LINE" missed="1" covered="0"/><counter type="COMPLEXITY" missed="3" covered="0"/><counter type="METHOD" missed="1" covered="0"/></method><method name="getValue" desc="(Lorg/w3c/dom/Node;Ljava/lang/String;)Ljava/lang/String;" line="183"><counter type="INSTRUCTION" missed="6" covered="0"/><counter type="LINE" missed="1" covered="0"/><counter type="COMPLEXITY" missed="1" covered="0"/><counter type="METHOD" missed="1" covered="0"/></method><method name="getSingleChild" desc="(Lorg/w3c/dom/Node;Ljava/lang/String;)Lorg/w3c/dom/Node;" line="189"><counter type="INSTRUCTION" missed="45" covered="0"/><counter type="BRANCH" missed="4" covered="0"/><counter type="LINE" missed="6" covered="0"/><counter type="COMPLEXITY" missed="3" covered="0"/><counter type="METHOD" missed="1" covered="0"/></method><method name="findNamedChild" desc="(Lorg/w3c/dom/Node;Ljava/lang/String;)Ljava/util/List;" line="203"><counter type="INSTRUCTION" missed="30" covered="0"/><counter type="BRANCH" missed="4" covered="0"/><counter type="LINE" missed="7" covered="0"/><counter type="COMPLEXITY" missed="3" covered="0"/><counter type="METHOD" missed="1" covered="0"/></method><method name="findSingleChild" desc="(Lorg/w3c/dom/Node;Ljava/lang/String;)Lorg/w3c/dom/Node;" line="219"><counter type="INSTRUCTION" missed="33" covered="0"/><counter type="BRANCH" missed="4" covered="0"/><counter type="LINE" missed="6" covered="0"/><counter type="COMPLEXITY" missed="3" covered="0"/><counter type="METHOD" missed="1" covered="0"/></method><method name="writeGoal" desc="(Ljava/lang/StringBuilder;Ljava/lang/String;Lorg/w3c/dom/Element;)V" line="234"><counter type="INSTRUCTION" missed="135" covered="0"/><counter type="BRANCH" missed="20" covered="0"/><counter type="LINE" missed="23" covered="0"/><counter type="COMPLEXITY" missed="11" covered="0"/><counter type="METHOD" missed="1" covered="0"/></method><method name="writeParameter" desc="(Ljava/lang/StringBuilder;Lorg/w3c/dom/Node;Lorg/w3c/dom/Node;)V" line="274"><counter type="INSTRUCTION" missed="128" covered="0"/><counter type="BRANCH" missed="16" covered="0"/><counter type="LINE" missed="21" covered="0"/><counter type="COMPLEXITY" missed="9" covered="0"/><counter type="METHOD" missed="1" covered="0"/></method><method name="repeat" desc="(Ljava/lang/String;I)Ljava/lang/String;" line="320"><counter type="INSTRUCTION" missed="22" covered="0"/><counter type="BRANCH" missed="2" covered="0"/><counter type="LINE" missed="4" covered="0"/><counter type="COMPLEXITY" missed="2" covered="0"/><counter type="METHOD" missed="1" covered="0"/></method><method name="append" desc="(Ljava/lang/StringBuilder;Ljava/lang/String;I)V" line="340"><counter type="INSTRUCTION" missed="24" covered="0"/><counter type="BRANCH" missed="2" covered="0"/><counter type="LINE" missed="4" covered="0"/><counter type="COMPLEXITY" missed="2" covered="0"/><counter type="METHOD" missed="1" covered="0"/></method><method name="toLines" desc="(Ljava/lang/String;III)Ljava/util/List;" line="358"><counter type="INSTRUCTION" missed="42" covered="0"/><counter type="BRANCH" missed="2" covered="0"/><counter type="LINE" missed="6" covered="0"/><counter type="COMPLEXITY" missed="2" covered="0"/><counter type="METHOD" missed="1" covered="0"/></method><method name="toLines" desc="(Ljava/util/List;Ljava/lang/String;II)V" line="382"><counter type="INSTRUCTION" missed="104" covered="0"/><counter type="BRANCH" missed="12" covered="0"/><counter type="LINE" missed="19" covered="0"/><counter type="COMPLEXITY" missed="7" covered="0"/><counter type="METHOD" missed="1" covered="0"/></method><method name="getIndentLevel" desc="(Ljava/lang/String;)I" line="431"><counter type="INSTRUCTION" missed="40" covered="0"/><counter type="BRANCH" missed="10" covered="0"/><counter type="LINE" missed="8" covered="0"/><counter type="COMPLEXITY" missed="6" covered="0"/><counter type="METHOD" missed="1" covered="0"/></method><method name="getPropertyFromExpression" desc="(Ljava/lang/String;)Ljava/lang/String;" line="449"><counter type="INSTRUCTION" missed="26" covered="0"/><counter type="BRANCH" missed="8" covered="0"/><counter type="LINE" missed="4" covered="0"/><counter type="COMPLEXITY" missed="5" covered="0"/><counter type="METHOD" missed="1" covered="0"/></method><counter type="INSTRUCTION" missed="893" covered="0"/><counter type="BRANCH" missed="110" covered="0"/><counter type="LINE" missed="159" covered="0"/><counter type="COMPLEXITY" missed="71" covered="0"/><counter type="METHOD" missed="16" covered="0"/><counter type="CLASS" missed="1" covered="0"/></class><class name="org/owasp/dependencycheck/maven/ArtifactTypeExcluded" sourcefilename="ArtifactTypeExcluded.java"><method name="&lt;init&gt;" desc="(Ljava/lang/String;)V" line="42"><counter type="INSTRUCTION" missed="0" covered="6"/><counter type="LINE" missed="0" covered="3"/><counter type="COMPLEXITY" missed="0" covered="1"/><counter type="METHOD" missed="0" covered="1"/></method><method name="passes" desc="(Ljava/lang/String;)Z" line="52"><counter type="INSTRUCTION" missed="0" covered="16"/><counter type="BRANCH" missed="0" covered="6"/><counter type="LINE" missed="0" covered="1"/><counter type="COMPLEXITY" missed="0" covered="4"/><counter type="METHOD" missed="0" covered="1"/></method><counter type="INSTRUCTION" missed="0" covered="22"/><counter type="BRANCH" missed="0" covered="6"/><counter type="LINE" missed="0" covered="4"/><counter type="COMPLEXITY" missed="0" covered="5"/><counter type="METHOD" missed="0" covered="2"/><counter type="CLASS" missed="0" covered="1"/></class><class name="org/owasp/dependencycheck/maven/FilteringDependencyTransitiveNodeVisitor" sourcefilename="FilteringDependencyTransitiveNodeVisitor.java"><method name="&lt;init&gt;" desc="(Lorg/apache/maven/shared/dependency/graph/traversal/DependencyNodeVisitor;Lorg/apache/maven/shared/dependency/graph/filter/DependencyNodeFilter;)V" line="50"><counter type="INSTRUCTION" missed="0" covered="9"/><counter type="LINE" missed="0" covered="4"/><counter type="COMPLEXITY" missed="0" covered="1"/><counter type="METHOD" missed="0" covered="1"/></method><method name="visit" desc="(Lorg/apache/maven/shared/dependency/graph/DependencyNode;)Z" line="62"><counter type="INSTRUCTION" missed="2" covered="13"/><counter type="BRANCH" missed="1" covered="1"/><counter type="LINE" missed="1" covered="3"/><counter type="COMPLEXITY" missed="1" covered="1"/><counter type="METHOD" missed="0" covered="1"/></method><method name="endVisit" desc="(Lorg/apache/maven/shared/dependency/graph/DependencyNode;)Z" line="78"><counter type="INSTRUCTION" missed="2" covered="13"/><counter type="BRANCH" missed="1" covered="1"/><counter type="LINE" missed="1" covered="3"/><counter type="COMPLEXITY" missed="1" covered="1"/><counter type="METHOD" missed="0" covered="1"/></method><method name="getDependencyNodeVisitor" desc="()Lorg/apache/maven/shared/dependency/graph/traversal/DependencyNodeVisitor;" line="93"><counter type="INSTRUCTION" missed="3" covered="0"/><counter type="LINE" missed="1" covered="0"/><counter type="COMPLEXITY" missed="1" covered="0"/><counter type="METHOD" missed="1" covered="0"/></method><method name="getDependencyNodeFilter" desc="()Lorg/apache/maven/shared/dependency/graph/filter/DependencyNodeFilter;" line="103"><counter type="INSTRUCTION" missed="3" covered="0"/><counter type="LINE" missed="1" covered="0"/><counter type="COMPLEXITY" missed="1" covered="0"/><counter type="METHOD" missed="1" covered="0"/></method><counter type="INSTRUCTION" missed="10" covered="35"/><counter type="BRANCH" missed="2" covered="2"/><counter type="LINE" missed="4" covered="10"/><counter type="COMPLEXITY" missed="4" covered="3"/><counter type="METHOD" missed="2" covered="3"/><counter type="CLASS" missed="0" covered="1"/></class><class name="org/owasp/dependencycheck/maven/Retirejs" sourcefilename="Retirejs.java"><method name="&lt;init&gt;" desc="()V" line="27"><counter type="INSTRUCTION" missed="0" covered="3"/><counter type="LINE" missed="0" covered="1"/><counter type="COMPLEXITY" missed="0" covered="1"/><counter type="METHOD" missed="0" covered="1"/></method><method name="getFilters" desc="()[Ljava/lang/String;" line="47"><counter type="INSTRUCTION" missed="0" covered="3"/><counter type="LINE" missed="0" covered="1"/><counter type="COMPLEXITY" missed="0" covered="1"/><counter type="METHOD" missed="0" covered="1"/></method><method name="getFilterNonVulnerable" desc="()Ljava/lang/Boolean;" line="60"><counter type="INSTRUCTION" missed="0" covered="3"/><counter type="LINE" missed="0" covered="1"/><counter type="COMPLEXITY" missed="0" covered="1"/><counter type="METHOD" missed="0" covered="1"/></method><counter type="INSTRUCTION" missed="0" covered="9"/><counter type="LINE" missed="0" covered="3"/><counter type="COMPLEXITY" missed="0" covered="3"/><counter type="METHOD" missed="0" covered="3"/><counter type="CLASS" missed="0" covered="1"/></class><class name="org/owasp/dependencycheck/maven/BaseDependencyCheckMojo" sourcefilename="BaseDependencyCheckMojo.java"><method name="&lt;init&gt;" desc="()V" line="111"><counter type="INSTRUCTION" missed="0" covered="42"/><counter type="LINE" missed="0" covered="14"/><counter type="COMPLEXITY" missed="0" covered="1"/><counter type="METHOD" missed="0" covered="1"/></method><method name="artifactsMatch" desc="(Lorg/apache/maven/model/Dependency;Lorg/apache/maven/artifact/Artifact;)Z" line="849"><counter type="INSTRUCTION" missed="1" covered="21"/><counter type="BRANCH" missed="3" covered="3"/><counter type="LINE" missed="0" covered="3"/><counter type="COMPLEXITY" missed="3" covered="1"/><counter type="METHOD" missed="0" covered="1"/></method><method name="isEqualOrNull" desc="(Ljava/lang/String;Ljava/lang/String;)Z" line="864"><counter type="INSTRUCTION" missed="5" covered="9"/><counter type="BRANCH" missed="6" covered="2"/><counter type="LINE" missed="0" covered="1"/><counter type="COMPLEXITY" missed="4" covered="1"/><counter type="METHOD" missed="0" covered="1"/></method><method name="execute" desc="()V" line="876"><counter type="INSTRUCTION" missed="14" covered="21"/><counter type="BRANCH" missed="1" covered="1"/><counter type="LINE" missed="1" covered="6"/><counter type="COMPLEXITY" missed="1" covered="1"/><counter type="METHOD" missed="0" covered="1"/></method><method name="generate" desc="(Lorg/codehaus/doxia/sink/Sink;Ljava/util/Locale;)V" line="899"><counter type="INSTRUCTION" missed="0" covered="5"/><counter type="LINE" missed="0" covered="2"/><counter type="COMPLEXITY" missed="0" covered="1"/><counter type="METHOD" missed="0" covered="1"/></method><method name="isGeneratingSite" desc="()Z" line="908"><counter type="INSTRUCTION" missed="3" covered="0"/><counter type="LINE" missed="1" covered="0"/><counter type="COMPLEXITY" missed="1" covered="0"/><counter type="METHOD" missed="1" covered="0"/></method><method name="getConnectionString" desc="()Ljava/lang/String;" line="917"><counter type="INSTRUCTION" missed="3" covered="0"/><counter type="LINE" missed="1" covered="0"/><counter type="COMPLEXITY" missed="1" covered="0"/><counter type="METHOD" missed="1" covered="0"/></method><method name="isFailOnError" desc="()Z" line="926"><counter type="INSTRUCTION" missed="0" covered="3"/><counter type="LINE" missed="0" covered="1"/><counter type="COMPLEXITY" missed="0" covered="1"/><counter type="METHOD" missed="0" covered="1"/></method><method name="generate" desc="(Lorg/apache/maven/doxia/sink/Sink;Ljava/util/Locale;)V" line="937"><counter type="INSTRUCTION" missed="27" covered="22"/><counter type="BRANCH" missed="1" covered="1"/><counter type="LINE" missed="6" covered="7"/><counter type="COMPLEXITY" missed="1" covered="1"/><counter type="METHOD" missed="0" covered="1"/></method><method name="getCorrectOutputDirectory" desc="()Ljava/io/File;" line="963"><counter type="INSTRUCTION" missed="5" covered="0"/><counter type="LINE" missed="1" covered="0"/><counter type="COMPLEXITY" missed="1" covered="0"/><counter type="METHOD" missed="1" covered="0"/></method><method name="getCorrectOutputDirectory" desc="(Lorg/apache/maven/project/MavenProject;)Ljava/io/File;" line="974"><counter type="INSTRUCTION" missed="21" covered="12"/><counter type="BRANCH" missed="6" covered="2"/><counter type="LINE" missed="4" covered="3"/><counter type="COMPLEXITY" missed="4" covered="1"/><counter type="METHOD" missed="0" covered="1"/></method><method name="scanArtifacts" desc="(Lorg/apache/maven/project/MavenProject;Lorg/owasp/dependencycheck/Engine;)Lorg/owasp/dependencycheck/exception/ExceptionCollection;" line="996"><counter type="INSTRUCTION" missed="0" covered="6"/><counter type="LINE" missed="0" covered="1"/><counter type="COMPLEXITY" missed="0" covered="1"/><counter type="METHOD" missed="0" covered="1"/></method><method name="scanArtifacts" desc="(Lorg/apache/maven/project/MavenProject;Lorg/owasp/dependencycheck/Engine;Z)Lorg/owasp/dependencycheck/exception/ExceptionCollection;" line="1011"><counter type="INSTRUCTION" missed="21" covered="75"/><counter type="LINE" missed="4" covered="10"/><counter type="COMPLEXITY" missed="0" covered="1"/><counter type="METHOD" missed="0" covered="1"/></method><method name="toDependencyNode" desc="(Ljava/util/List;Lorg/apache/maven/project/ProjectBuildingRequest;Lorg/apache/maven/shared/dependency/graph/DependencyNode;Lorg/apache/maven/model/Dependency;)Lorg/apache/maven/shared/dependency/graph/DependencyNode;" line="1052"><counter type="INSTRUCTION" missed="72" covered="83"/><counter type="BRANCH" missed="14" covered="6"/><counter type="LINE" missed="15" covered="19"/><counter type="COMPLEXITY" missed="8" covered="3"/><counter type="METHOD" missed="0" covered="1"/></method><method name="findVersion" desc="(Ljava/util/List;Ljava/lang/String;Ljava/lang/String;)Ljava/lang/String;" line="1112"><counter type="INSTRUCTION" missed="2" covered="17"/><counter type="BRANCH" missed="1" covered="1"/><counter type="LINE" missed="1" covered="4"/><counter type="COMPLEXITY" missed="1" covered="1"/><counter type="METHOD" missed="0" covered="1"/></method><method name="collectDependencyManagementDependencies" desc="(Lorg/owasp/dependencycheck/Engine;Lorg/apache/maven/project/ProjectBuildingRequest;Lorg/apache/maven/project/MavenProject;Ljava/util/List;Z)Lorg/owasp/dependencycheck/exception/ExceptionCollection;" line="1134"><counter type="INSTRUCTION" missed="10" covered="78"/><counter type="BRANCH" missed="6" covered="8"/><counter type="LINE" missed="3" covered="17"/><counter type="COMPLEXITY" missed="5" covered="3"/><counter type="METHOD" missed="0" covered="1"/></method><method name="collectMavenDependencies" desc="(Lorg/owasp/dependencycheck/Engine;Lorg/apache/maven/project/MavenProject;Ljava/util/List;Lorg/apache/maven/project/ProjectBuildingRequest;Z)Lorg/owasp/dependencycheck/exception/ExceptionCollection;" line="1182"><counter type="INSTRUCTION" missed="247" covered="249"/><counter type="BRANCH" missed="36" covered="28"/><counter type="LINE" missed="45" covered="63"/><counter type="COMPLEXITY" missed="26" covered="7"/><counter type="METHOD" missed="0" covered="1"/></method><method name="createProjectReferenceName" desc="(Lorg/apache/maven/project/MavenProject;Lorg/apache/maven/shared/dependency/graph/DependencyNode;)Ljava/lang/String;" line="1338"><counter type="INSTRUCTION" missed="0" covered="14"/><counter type="LINE" missed="0" covered="1"/><counter type="COMPLEXITY" missed="0" covered="1"/><counter type="METHOD" missed="0" covered="1"/></method><method name="collectDependencies" desc="(Lorg/owasp/dependencycheck/Engine;Lorg/apache/maven/project/MavenProject;Ljava/util/List;Lorg/apache/maven/project/ProjectBuildingRequest;Z)Lorg/owasp/dependencycheck/exception/ExceptionCollection;" line="1358"><counter type="INSTRUCTION" missed="46" covered="269"/><counter type="BRANCH" missed="12" covered="14"/><counter type="LINE" missed="14" covered="55"/><counter type="COMPLEXITY" missed="9" covered="5"/><counter type="METHOD" missed="0" covered="1"/></method><method name="addReactorDependency" desc="(Lorg/owasp/dependencycheck/Engine;Lorg/apache/maven/artifact/Artifact;)Z" line="1466"><counter type="INSTRUCTION" missed="0" covered="6"/><counter type="LINE" missed="0" covered="1"/><counter type="COMPLEXITY" missed="0" covered="1"/><counter type="METHOD" missed="0" covered="1"/></method><method name="addVirtualDependencyFromReactor" desc="(Lorg/owasp/dependencycheck/Engine;Lorg/apache/maven/artifact/Artifact;Ljava/lang/String;)Z" line="1485"><counter type="INSTRUCTION" missed="95" covered="275"/><counter type="BRANCH" missed="14" covered="8"/><counter type="LINE" missed="16" covered="40"/><counter type="COMPLEXITY" missed="10" covered="2"/><counter type="METHOD" missed="0" covered="1"/></method><method name="addSnapshotReactorDependency" desc="(Lorg/owasp/dependencycheck/Engine;Lorg/apache/maven/artifact/Artifact;)Z" line="1572"><counter type="INSTRUCTION" missed="2" covered="9"/><counter type="BRANCH" missed="1" covered="1"/><counter type="LINE" missed="1" covered="2"/><counter type="COMPLEXITY" missed="1" covered="1"/><counter type="METHOD" missed="0" covered="1"/></method><method name="newResolveArtifactProjectBuildingRequest" desc="(Lorg/apache/maven/project/MavenProject;)Lorg/apache/maven/project/ProjectBuildingRequest;" line="1586"><counter type="INSTRUCTION" missed="0" covered="20"/><counter type="LINE" missed="0" covered="4"/><counter type="COMPLEXITY" missed="0" covered="1"/><counter type="METHOD" missed="0" covered="1"/></method><method name="runCheck" desc="()V" line="1601"><counter type="INSTRUCTION" missed="60" covered="86"/><counter type="BRANCH" missed="11" covered="9"/><counter type="LINE" missed="15" covered="21"/><counter type="COMPLEXITY" missed="7" covered="4"/><counter type="METHOD" missed="0" covered="1"/></method><method name="handleAnalysisExceptions" desc="(Lorg/owasp/dependencycheck/exception/ExceptionCollection;Lorg/owasp/dependencycheck/exception/ExceptionCollection;)Lorg/owasp/dependencycheck/exception/ExceptionCollection;" line="1665"><counter type="INSTRUCTION" missed="50" covered="27"/><counter type="BRANCH" missed="9" covered="3"/><counter type="LINE" missed="11" covered="7"/><counter type="COMPLEXITY" missed="6" covered="1"/><counter type="METHOD" missed="0" covered="1"/></method><method name="getReportOutputDirectory" desc="()Ljava/io/File;" line="1708"><counter type="INSTRUCTION" missed="0" covered="3"/><counter type="LINE" missed="0" covered="1"/><counter type="COMPLEXITY" missed="0" covered="1"/><counter type="METHOD" missed="0" covered="1"/></method><method name="setReportOutputDirectory" desc="(Ljava/io/File;)V" line="1718"><counter type="INSTRUCTION" missed="0" covered="4"/><counter type="LINE" missed="0" covered="2"/><counter type="COMPLEXITY" missed="0" covered="1"/><counter type="METHOD" missed="0" covered="1"/></method><method name="getOutputDirectory" desc="()Ljava/io/File;" line="1727"><counter type="INSTRUCTION" missed="3" covered="0"/><counter type="LINE" missed="1" covered="0"/><counter type="COMPLEXITY" missed="1" covered="0"/><counter type="METHOD" missed="1" covered="0"/></method><method name="isExternalReport" desc="()Z" line="1738"><counter type="INSTRUCTION" missed="0" covered="2"/><counter type="LINE" missed="0" covered="1"/><counter type="COMPLEXITY" missed="0" covered="1"/><counter type="METHOD" missed="0" covered="1"/></method><method name="getOutputName" desc="()Ljava/lang/String;" line="1748"><counter type="INSTRUCTION" missed="38" covered="9"/><counter type="BRANCH" missed="13" covered="1"/><counter type="LINE" missed="10" covered="3"/><counter type="COMPLEXITY" missed="7" covered="1"/><counter type="METHOD" missed="0" covered="1"/></method><method name="getCategoryName" desc="()Ljava/lang/String;" line="1772"><counter type="INSTRUCTION" missed="0" covered="2"/><counter type="LINE" missed="0" covered="1"/><counter type="COMPLEXITY" missed="0" covered="1"/><counter type="METHOD" missed="0" covered="1"/></method><method name="initializeEngine" desc="()Lorg/owasp/dependencycheck/Engine;" line="1785"><counter type="INSTRUCTION" missed="0" covered="8"/><counter type="LINE" missed="0" covered="2"/><counter type="COMPLEXITY" missed="0" covered="1"/><counter type="METHOD" missed="0" covered="1"/></method><method name="populateSettings" desc="()V" line="1795"><counter type="INSTRUCTION" missed="80" covered="514"/><counter type="BRANCH" missed="14" covered="12"/><counter type="LINE" missed="17" covered="90"/><counter type="COMPLEXITY" missed="12" covered="2"/><counter type="METHOD" missed="0" covered="1"/></method><method name="configureServerCredentials" desc="(Ljava/lang/String;Ljava/lang/String;Ljava/lang/String;)V" line="1936"><counter type="INSTRUCTION" missed="99" covered="3"/><counter type="BRANCH" missed="13" covered="1"/><counter type="LINE" missed="21" covered="2"/><counter type="COMPLEXITY" missed="7" covered="1"/><counter type="METHOD" missed="0" covered="1"/></method><method name="decryptServerPassword" desc="(Lorg/apache/maven/settings/Server;)Ljava/lang/String;" line="1987"><counter type="INSTRUCTION" missed="15" covered="0"/><counter type="BRANCH" missed="2" covered="0"/><counter type="LINE" missed="3" covered="0"/><counter type="COMPLEXITY" missed="2" covered="0"/><counter type="METHOD" missed="1" covered="0"/></method><method name="determineSuppressions" desc="()[Ljava/lang/String;" line="2001"><counter type="INSTRUCTION" missed="9" covered="26"/><counter type="BRANCH" missed="1" covered="3"/><counter type="LINE" missed="1" covered="6"/><counter type="COMPLEXITY" missed="1" covered="2"/><counter type="METHOD" missed="0" covered="1"/></method><method name="muteJCS" desc="()V" line="2018"><counter type="INSTRUCTION" missed="14" covered="86"/><counter type="BRANCH" missed="0" covered="2"/><counter type="LINE" missed="2" covered="8"/><counter type="COMPLEXITY" missed="0" covered="2"/><counter type="METHOD" missed="0" covered="1"/></method><method name="getMavenProxy" desc="()Lorg/apache/maven/settings/Proxy;" line="2050"><counter type="INSTRUCTION" missed="39" covered="14"/><counter type="BRANCH" missed="13" covered="3"/><counter type="LINE" missed="9" covered="4"/><counter type="COMPLEXITY" missed="8" covered="1"/><counter type="METHOD" missed="0" covered="1"/></method><method name="getProject" desc="()Lorg/apache/maven/project/MavenProject;" line="2082"><counter type="INSTRUCTION" missed="0" covered="3"/><counter type="LINE" missed="0" covered="1"/><counter type="COMPLEXITY" missed="0" covered="1"/><counter type="METHOD" missed="0" covered="1"/></method><method name="getReactorProjects" desc="()Ljava/util/List;" line="2091"><counter type="INSTRUCTION" missed="0" covered="3"/><counter type="LINE" missed="0" covered="1"/><counter type="COMPLEXITY" missed="0" covered="1"/><counter type="METHOD" missed="0" covered="1"/></method><method name="getFormats" desc="()Ljava/util/Set;" line="2100"><counter type="INSTRUCTION" missed="10" covered="41"/><counter type="BRANCH" missed="5" covered="5"/><counter type="LINE" missed="1" covered="8"/><counter type="COMPLEXITY" missed="5" covered="1"/><counter type="METHOD" missed="0" covered="1"/></method><method name="getExcludes" desc="()Ljava/util/List;" line="2128"><counter type="INSTRUCTION" missed="0" covered="11"/><counter type="BRANCH" missed="0" covered="2"/><counter type="LINE" missed="0" covered="3"/><counter type="COMPLEXITY" missed="0" covered="2"/><counter type="METHOD" missed="0" covered="1"/></method><method name="getArtifactScopeExcluded" desc="()Lorg/owasp/dependencycheck/utils/Filter;" line="2140"><counter type="INSTRUCTION" missed="0" covered="3"/><counter type="LINE" missed="0" covered="1"/><counter type="COMPLEXITY" missed="0" covered="1"/><counter type="METHOD" missed="0" covered="1"/></method><method name="getSettings" desc="()Lorg/owasp/dependencycheck/utils/Settings;" line="2149"><counter type="INSTRUCTION" missed="0" covered="3"/><counter type="LINE" missed="0" covered="1"/><counter type="COMPLEXITY" missed="0" covered="1"/><counter type="METHOD" missed="0" covered="1"/></method><method name="checkForFailure" desc="([Lorg/owasp/dependencycheck/dependency/Dependency;)V" line="2162"><counter type="INSTRUCTION" missed="77" covered="64"/><counter type="BRANCH" missed="15" covered="11"/><counter type="LINE" missed="13" covered="10"/><counter type="COMPLEXITY" missed="11" covered="3"/><counter type="METHOD" missed="0" covered="1"/></method><method name="showSummary" desc="(Lorg/apache/maven/project/MavenProject;[Lorg/owasp/dependencycheck/dependency/Dependency;)V" line="2205"><counter type="INSTRUCTION" missed="0" covered="8"/><counter type="BRANCH" missed="1" covered="1"/><counter type="LINE" missed="0" covered="3"/><counter type="COMPLEXITY" missed="1" covered="1"/><counter type="METHOD" missed="0" covered="1"/></method><method name="lambda$getFormats$3" desc="(Ljava/lang/String;)V" line="2110"><counter type="INSTRUCTION" missed="12" covered="0"/><counter type="LINE" missed="2" covered="0"/><counter type="COMPLEXITY" missed="1" covered="0"/><counter type="METHOD" missed="1" covered="0"/></method><method name="lambda$getFormats$2" desc="(Ljava/util/Set;Ljava/lang/String;)V" line="2104"><counter type="INSTRUCTION" missed="11" covered="0"/><counter type="LINE" missed="5" covered="0"/><counter type="COMPLEXITY" missed="1" covered="0"/><counter type="METHOD" missed="1" covered="0"/></method><method name="lambda$collectDependencies$1" desc="(Ljava/lang/String;)V" line="1367"><counter type="INSTRUCTION" missed="16" covered="0"/><counter type="LINE" missed="5" covered="0"/><counter type="COMPLEXITY" missed="1" covered="0"/><counter type="METHOD" missed="1" covered="0"/></method><method name="lambda$findVersion$0" desc="(Ljava/lang/String;Ljava/lang/String;Lorg/apache/maven/shared/dependency/graph/DependencyNode;)Z" line="1113"><counter type="INSTRUCTION" missed="1" covered="15"/><counter type="BRANCH" missed="2" covered="2"/><counter type="LINE" missed="0" covered="2"/><counter type="COMPLEXITY" missed="2" covered="1"/><counter type="METHOD" missed="0" covered="1"/></method><method name="&lt;clinit&gt;" desc="()V" line="121"><counter type="INSTRUCTION" missed="0" covered="6"/><counter type="LINE" missed="0" covered="1"/><counter type="COMPLEXITY" missed="0" covered="1"/><counter type="METHOD" missed="0" covered="1"/></method><counter type="INSTRUCTION" missed="1108" covered="2177"/><counter type="BRANCH" missed="200" covered="130"/><counter type="LINE" missed="229" covered="432"/><counter type="COMPLEXITY" missed="149" covered="67"/><counter type="METHOD" missed="8" covered="43"/><counter type="CLASS" missed="0" covered="1"/></class><class name="org/owasp/dependencycheck/maven/UpdateMojo" sourcefilename="UpdateMojo.java"><method name="&lt;init&gt;" desc="()V" line="47"><counter type="INSTRUCTION" missed="0" covered="3"/><counter type="LINE" missed="0" covered="1"/><counter type="COMPLEXITY" missed="0" covered="1"/><counter type="METHOD" missed="0" covered="1"/></method><method name="canGenerateReport" desc="()Z" line="56"><counter type="INSTRUCTION" missed="2" covered="0"/><counter type="LINE" missed="1" covered="0"/><counter type="COMPLEXITY" missed="1" covered="0"/><counter type="METHOD" missed="1" covered="0"/></method><method name="runCheck" desc="()V" line="70"><counter type="INSTRUCTION" missed="53" covered="15"/><counter type="BRANCH" missed="7" covered="1"/><counter type="LINE" missed="15" covered="6"/><counter type="COMPLEXITY" missed="4" covered="1"/><counter type="METHOD" missed="0" covered="1"/></method><method name="getName" desc="(Ljava/util/Locale;)Ljava/lang/String;" line="105"><counter type="INSTRUCTION" missed="2" covered="0"/><counter type="LINE" missed="1" covered="0"/><counter type="COMPLEXITY" missed="1" covered="0"/><counter type="METHOD" missed="1" covered="0"/></method><method name="getDescription" desc="(Ljava/util/Locale;)Ljava/lang/String;" line="117"><counter type="INSTRUCTION" missed="2" covered="0"/><counter type="LINE" missed="1" covered="0"/><counter type="COMPLEXITY" missed="1" covered="0"/><counter type="METHOD" missed="1" covered="0"/></method><method name="scanDependencies" desc="(Lorg/owasp/dependencycheck/Engine;)Lorg/owasp/dependencycheck/exception/ExceptionCollection;" line="130"><counter type="INSTRUCTION" missed="5" covered="0"/><counter type="LINE" missed="1" covered="0"/><counter type="COMPLEXITY" missed="1" covered="0"/><counter type="METHOD" missed="1" covered="0"/></method><counter type="INSTRUCTION" missed="64" covered="18"/><counter type="BRANCH" missed="7" covered="1"/><counter type="LINE" missed="19" covered="7"/><counter type="COMPLEXITY" missed="8" covered="2"/><counter type="METHOD" missed="4" covered="2"/><counter type="CLASS" missed="0" covered="1"/></class><sourcefile name="BaseDependencyCheckMojo.java"><line nr="111" mi="0" ci="2" mb="0" cb="0"/><line nr="121" mi="0" ci="6" mb="0" cb="0"/><line nr="129" mi="0" ci="3" mb="0" cb="0"/><line nr="133" mi="0" ci="3" mb="0" cb="0"/><line nr="195" mi="0" ci="3" mb="0" cb="0"/><line nr="203" mi="0" ci="3" mb="0" cb="0"/><line nr="209" mi="0" ci="3" mb="0" cb="0"/><line nr="260" mi="0" ci="3" mb="0" cb="0"/><line nr="331" mi="0" ci="3" mb="0" cb="0"/><line nr="682" mi="0" ci="3" mb="0" cb="0"/><line nr="688" mi="0" ci="3" mb="0" cb="0"/><line nr="694" mi="0" ci="3" mb="0" cb="0"/><line nr="700" mi="0" ci="3" mb="0" cb="0"/><line nr="707" mi="0" ci="3" mb="0" cb="0"/><line nr="714" mi="0" ci="4" mb="0" cb="0"/><line nr="849" mi="0" ci="8" mb="1" cb="1"/><line nr="850" mi="0" ci="6" mb="1" cb="1"/><line nr="851" mi="1" ci="7" mb="1" cb="1"/><line nr="864" mi="5" ci="9" mb="6" cb="2"/><line nr="876" mi="0" ci="3" mb="0" cb="0"/><line nr="877" mi="0" ci="7" mb="0" cb="0"/><line nr="878" mi="0" ci="2" mb="1" cb="1"/><line nr="879" mi="14" ci="0" mb="0" cb="0"/><line nr="881" mi="0" ci="6" mb="0" cb="0"/><line nr="882" mi="0" ci="2" mb="0" cb="0"/><line nr="884" mi="0" ci="1" mb="0" cb="0"/><line nr="899" mi="0" ci="4" mb="0" cb="0"/><line nr="900" mi="0" ci="1" mb="0" cb="0"/><line nr="908" mi="3" ci="0" mb="0" cb="0"/><line nr="917" mi="3" ci="0" mb="0" cb="0"/><line nr="926" mi="0" ci="3" mb="0" cb="0"/><line nr="937" mi="0" ci="7" mb="0" cb="0"/><line nr="938" mi="0" ci="2" mb="1" cb="1"/><line nr="939" mi="13" ci="0" mb="0" cb="0"/><line nr="940" mi="1" ci="0" mb="0" cb="0"/><line nr="943" mi="0" ci="3" mb="0" cb="0"/><line nr="944" mi="0" ci="6" mb="0" cb="0"/><line nr="946" mi="0" ci="2" mb="0" cb="0"/><line nr="947" mi="1" ci="0" mb="0" cb="0"/><line nr="948" mi="7" ci="0" mb="0" cb="0"/><line nr="949" mi="1" ci="0" mb="0" cb="0"/><line nr="950" mi="4" ci="0" mb="0" cb="0"/><line nr="951" mi="0" ci="1" mb="0" cb="0"/><line nr="952" mi="0" ci="1" mb="0" cb="0"/><line nr="963" mi="5" ci="0" mb="0" cb="0"/><line nr="974" mi="0" ci="4" mb="0" cb="0"/><line nr="975" mi="0" ci="5" mb="2" cb="2"/><line nr="976" mi="0" ci="3" mb="0" cb="0"/><line nr="979" mi="7" ci="0" mb="0" cb="0"/><line nr="980" mi="9" ci="0" mb="4" cb="0"/><line nr="981" mi="3" ci="0" mb="0" cb="0"/><line nr="983" mi="2" ci="0" mb="0" cb="0"/><line nr="996" mi="0" ci="6" mb="0" cb="0"/><line nr="1011" mi="0" ci="16" mb="0" cb="0"/><line nr="1012" mi="0" ci="4" mb="0" cb="0"/><line nr="1015" mi="0" ci="8" mb="0" cb="0"/><line nr="1017" mi="0" ci="4" mb="0" cb="0"/><line nr="1019" mi="0" ci="8" mb="0" cb="0"/><line nr="1020" mi="0" ci="5" mb="0" cb="0"/><line nr="1023" mi="0" ci="12" mb="0" cb="0"/><line nr="1025" mi="0" ci="4" mb="0" cb="0"/><line nr="1028" mi="0" ci="6" mb="0" cb="0"/><line nr="1030" mi="0" ci="8" mb="0" cb="0"/><line nr="1031" mi="1" ci="0" mb="0" cb="0"/><line nr="1032" mi="10" ci="0" mb="0" cb="0"/><line nr="1033" mi="5" ci="0" mb="0" cb="0"/><line nr="1034" mi="5" ci="0" mb="0" cb="0"/><line nr="1052" mi="0" ci="4" mb="0" cb="0"/><line nr="1054" mi="0" ci="4" mb="0" cb="0"/><line nr="1055" mi="0" ci="4" mb="0" cb="0"/><line nr="1056" mi="0" ci="2" mb="0" cb="0"/><line nr="1059" mi="0" ci="4" mb="0" cb="0"/><line nr="1060" mi="1" ci="0" mb="0" cb="0"/><line nr="1061" mi="8" ci="0" mb="0" cb="0"/><line nr="1062" mi="5" ci="0" mb="0" cb="0"/><line nr="1063" mi="5" ci="0" mb="0" cb="0"/><line nr="1064" mi="6" ci="0" mb="0" cb="0"/><line nr="1065" mi="0" ci="1" mb="0" cb="0"/><line nr="1066" mi="0" ci="3" mb="0" cb="2"/><line nr="1067" mi="0" ci="8" mb="0" cb="0"/><line nr="1068" mi="0" ci="2" mb="1" cb="1"/><line nr="1071" mi="3" ci="0" mb="2" cb="0"/><line nr="1072" mi="5" ci="0" mb="0" cb="0"/><line nr="1073" mi="3" ci="0" mb="2" cb="0"/><line nr="1074" mi="11" ci="0" mb="2" cb="0"/><line nr="1075" mi="3" ci="0" mb="2" cb="0"/><line nr="1076" mi="4" ci="0" mb="0" cb="0"/><line nr="1078" mi="3" ci="0" mb="2" cb="0"/><line nr="1079" mi="4" ci="0" mb="0" cb="0"/><line nr="1081" mi="2" ci="0" mb="0" cb="0"/><line nr="1083" mi="3" ci="0" mb="0" cb="0"/><line nr="1087" mi="0" ci="2" mb="0" cb="2"/><line nr="1088" mi="0" ci="3" mb="0" cb="0"/><line nr="1090" mi="0" ci="3" mb="0" cb="0"/><line nr="1092" mi="0" ci="8" mb="0" cb="0"/><line nr="1093" mi="0" ci="4" mb="0" cb="0"/><line nr="1094" mi="4" ci="7" mb="3" cb="1"/><line nr="1095" mi="2" ci="2" mb="0" cb="0"/><line nr="1096" mi="0" ci="7" mb="0" cb="0"/><line nr="1097" mi="0" ci="4" mb="0" cb="0"/><line nr="1098" mi="0" ci="11" mb="0" cb="0"/><line nr="1112" mi="0" ci="6" mb="0" cb="0"/><line nr="1113" mi="0" ci="9" mb="1" cb="1"/><line nr="1114" mi="1" ci="8" mb="1" cb="1"/><line nr="1115" mi="0" ci="3" mb="1" cb="1"/><line nr="1116" mi="0" ci="6" mb="0" cb="0"/><line nr="1118" mi="2" ci="0" mb="0" cb="0"/><line nr="1134" mi="0" ci="6" mb="1" cb="3"/><line nr="1135" mi="0" ci="2" mb="0" cb="0"/><line nr="1138" mi="0" ci="2" mb="0" cb="0"/><line nr="1139" mi="0" ci="12" mb="0" cb="2"/><line nr="1141" mi="0" ci="9" mb="0" cb="0"/><line nr="1142" mi="0" ci="1" mb="0" cb="0"/><line nr="1143" mi="0" ci="12" mb="0" cb="0"/><line nr="1144" mi="0" ci="2" mb="0" cb="0"/><line nr="1146" mi="1" ci="2" mb="1" cb="1"/><line nr="1148" mi="0" ci="7" mb="1" cb="1"/><line nr="1149" mi="0" ci="4" mb="0" cb="0"/><line nr="1150" mi="0" ci="11" mb="0" cb="0"/><line nr="1152" mi="0" ci="2" mb="0" cb="0"/><line nr="1155" mi="0" ci="2" mb="1" cb="1"/><line nr="1156" mi="2" ci="0" mb="2" cb="0"/><line nr="1157" mi="4" ci="0" mb="0" cb="0"/><line nr="1159" mi="3" ci="0" mb="0" cb="0"/><line nr="1161" mi="0" ci="1" mb="0" cb="0"/><line nr="1162" mi="0" ci="1" mb="0" cb="0"/><line nr="1163" mi="0" ci="2" mb="0" cb="0"/><line nr="1182" mi="0" ci="8" mb="0" cb="0"/><line nr="1184" mi="0" ci="10" mb="0" cb="2"/><line nr="1185" mi="0" ci="10" mb="0" cb="2"/><line nr="1186" mi="0" ci="4" mb="1" cb="1"/><line nr="1187" mi="1" ci="0" mb="0" cb="0"/><line nr="1190" mi="0" ci="2" mb="0" cb="0"/><line nr="1191" mi="0" ci="2" mb="0" cb="0"/><line nr="1192" mi="0" ci="2" mb="0" cb="0"/><line nr="1193" mi="0" ci="2" mb="0" cb="0"/><line nr="1194" mi="0" ci="2" mb="0" cb="0"/><line nr="1195" mi="0" ci="2" mb="0" cb="0"/><line nr="1196" mi="0" ci="6" mb="0" cb="2"/><line nr="1197" mi="0" ci="11" mb="1" cb="1"/><line nr="1198" mi="0" ci="3" mb="0" cb="0"/><line nr="1199" mi="0" ci="7" mb="2" cb="2"/><line nr="1201" mi="0" ci="6" mb="0" cb="0"/><line nr="1202" mi="0" ci="3" mb="0" cb="0"/><line nr="1203" mi="0" ci="3" mb="0" cb="0"/><line nr="1204" mi="0" ci="3" mb="0" cb="0"/><line nr="1205" mi="0" ci="3" mb="0" cb="0"/><line nr="1206" mi="0" ci="3" mb="0" cb="0"/><line nr="1207" mi="0" ci="1" mb="0" cb="0"/><line nr="1209" mi="1" ci="0" mb="0" cb="0"/><line nr="1210" mi="0" ci="2" mb="1" cb="1"/><line nr="1211" mi="12" ci="0" mb="0" cb="0"/><line nr="1212" mi="2" ci="0" mb="2" cb="0"/><line nr="1213" mi="4" ci="0" mb="0" cb="0"/><line nr="1215" mi="11" ci="0" mb="0" cb="0"/><line nr="1216" mi="4" ci="0" mb="0" cb="0"/><line nr="1219" mi="0" ci="3" mb="0" cb="0"/><line nr="1221" mi="0" ci="3" mb="0" cb="2"/><line nr="1225" mi="0" ci="12" mb="0" cb="0"/><line nr="1226" mi="0" ci="3" mb="0" cb="0"/><line nr="1228" mi="0" ci="4" mb="0" cb="0"/><line nr="1230" mi="7" ci="0" mb="0" cb="0"/><line nr="1231" mi="0" ci="1" mb="0" cb="0"/><line nr="1232" mi="0" ci="12" mb="0" cb="0"/><line nr="1233" mi="0" ci="2" mb="0" cb="0"/><line nr="1235" mi="1" ci="2" mb="1" cb="1"/><line nr="1237" mi="0" ci="6" mb="1" cb="1"/><line nr="1239" mi="0" ci="2" mb="0" cb="0"/><line nr="1242" mi="0" ci="2" mb="1" cb="1"/><line nr="1243" mi="2" ci="0" mb="2" cb="0"/><line nr="1244" mi="4" ci="0" mb="0" cb="0"/><line nr="1246" mi="3" ci="0" mb="0" cb="0"/><line nr="1248" mi="0" ci="1" mb="0" cb="0"/><line nr="1249" mi="1" ci="0" mb="0" cb="0"/><line nr="1251" mi="0" ci="7" mb="1" cb="3"/><line nr="1252" mi="0" ci="6" mb="0" cb="2"/><line nr="1253" mi="0" ci="3" mb="1" cb="1"/><line nr="1254" mi="0" ci="1" mb="0" cb="0"/><line nr="1256" mi="0" ci="3" mb="0" cb="0"/><line nr="1257" mi="0" ci="3" mb="0" cb="0"/><line nr="1258" mi="0" ci="3" mb="0" cb="0"/><line nr="1259" mi="0" ci="3" mb="0" cb="0"/><line nr="1260" mi="0" ci="3" mb="0" cb="0"/><line nr="1261" mi="0" ci="3" mb="0" cb="0"/><line nr="1263" mi="0" ci="4" mb="2" cb="2"/><line nr="1264" mi="0" ci="8" mb="0" cb="0"/><line nr="1265" mi="0" ci="1" mb="0" cb="0"/><line nr="1266" mi="0" ci="2" mb="1" cb="1"/><line nr="1267" mi="0" ci="2" mb="0" cb="0"/><line nr="1268" mi="0" ci="4" mb="1" cb="1"/><line nr="1269" mi="0" ci="6" mb="0" cb="0"/><line nr="1271" mi="10" ci="0" mb="2" cb="0"/><line nr="1272" mi="6" ci="0" mb="2" cb="0"/><line nr="1273" mi="2" ci="0" mb="0" cb="0"/><line nr="1274" mi="1" ci="0" mb="0" cb="0"/><line nr="1276" mi="1" ci="0" mb="0" cb="0"/><line nr="1278" mi="0" ci="2" mb="1" cb="1"/><line nr="1279" mi="0" ci="7" mb="0" cb="0"/><line nr="1280" mi="0" ci="5" mb="0" cb="0"/><line nr="1281" mi="0" ci="2" mb="1" cb="1"/><line nr="1282" mi="10" ci="0" mb="2" cb="0"/><line nr="1283" mi="4" ci="0" mb="0" cb="0"/><line nr="1284" mi="1" ci="0" mb="0" cb="0"/><line nr="1286" mi="0" ci="10" mb="0" cb="0"/><line nr="1287" mi="0" ci="7" mb="0" cb="0"/><line nr="1288" mi="4" ci="1" mb="2" cb="0"/><line nr="1289" mi="8" ci="0" mb="0" cb="0"/><line nr="1290" mi="8" ci="0" mb="0" cb="0"/><line nr="1291" mi="4" ci="0" mb="0" cb="0"/><line nr="1293" mi="6" ci="1" mb="2" cb="0"/><line nr="1294" mi="8" ci="0" mb="0" cb="0"/><line nr="1295" mi="14" ci="0" mb="0" cb="0"/><line nr="1296" mi="4" ci="0" mb="0" cb="0"/><line nr="1297" mi="7" ci="0" mb="2" cb="0"/><line nr="1300" mi="6" ci="0" mb="0" cb="0"/><line nr="1301" mi="4" ci="0" mb="0" cb="0"/><line nr="1302" mi="6" ci="0" mb="0" cb="0"/><line nr="1303" mi="3" ci="0" mb="0" cb="0"/><line nr="1304" mi="1" ci="0" mb="0" cb="0"/><line nr="1305" mi="2" ci="0" mb="2" cb="0"/><line nr="1306" mi="4" ci="0" mb="0" cb="0"/><line nr="1308" mi="3" ci="0" mb="0" cb="0"/><line nr="1309" mi="13" ci="0" mb="0" cb="0"/><line nr="1310" mi="2" ci="0" mb="0" cb="0"/><line nr="1312" mi="8" ci="0" mb="0" cb="0"/><line nr="1313" mi="14" ci="0" mb="0" cb="0"/><line nr="1314" mi="4" ci="0" mb="0" cb="0"/><line nr="1316" mi="0" ci="1" mb="0" cb="0"/><line nr="1317" mi="8" ci="0" mb="0" cb="0"/><line nr="1318" mi="8" ci="0" mb="0" cb="0"/><line nr="1319" mi="4" ci="0" mb="0" cb="0"/><line nr="1320" mi="2" ci="0" mb="2" cb="0"/><line nr="1321" mi="4" ci="0" mb="0" cb="0"/><line nr="1324" mi="0" ci="1" mb="0" cb="0"/><line nr="1325" mi="0" ci="2" mb="0" cb="0"/><line nr="1338" mi="0" ci="14" mb="0" cb="0"/><line nr="1358" mi="0" ci="8" mb="0" cb="0"/><line nr="1362" mi="0" ci="7" mb="2" cb="2"/><line nr="1363" mi="3" ci="0" mb="2" cb="0"/><line nr="1364" mi="5" ci="0" mb="0" cb="0"/><line nr="1366" mi="6" ci="0" mb="0" cb="0"/><line nr="1367" mi="4" ci="0" mb="0" cb="0"/><line nr="1368" mi="3" ci="0" mb="0" cb="0"/><line nr="1369" mi="3" ci="0" mb="0" cb="0"/><line nr="1370" mi="5" ci="0" mb="0" cb="0"/><line nr="1371" mi="1" ci="0" mb="0" cb="0"/><line nr="1374" mi="0" ci="7" mb="1" cb="3"/><line nr="1376" mi="0" ci="4" mb="0" cb="0"/><line nr="1377" mi="0" ci="4" mb="0" cb="0"/><line nr="1378" mi="0" ci="4" mb="0" cb="0"/><line nr="1379" mi="0" ci="4" mb="0" cb="0"/><line nr="1381" mi="0" ci="9" mb="0" cb="0"/><line nr="1382" mi="0" ci="3" mb="0" cb="0"/><line nr="1383" mi="0" ci="9" mb="0" cb="0"/><line nr="1384" mi="0" ci="3" mb="0" cb="0"/><line nr="1385" mi="0" ci="9" mb="0" cb="0"/><line nr="1386" mi="0" ci="3" mb="0" cb="0"/><line nr="1387" mi="0" ci="5" mb="0" cb="0"/><line nr="1388" mi="0" ci="3" mb="0" cb="0"/><line nr="1389" mi="0" ci="3" mb="0" cb="0"/><line nr="1390" mi="0" ci="3" mb="0" cb="0"/><line nr="1391" mi="0" ci="3" mb="0" cb="0"/><line nr="1392" mi="0" ci="3" mb="0" cb="0"/><line nr="1393" mi="1" ci="0" mb="0" cb="0"/><line nr="1394" mi="2" ci="0" mb="2" cb="0"/><line nr="1395" mi="4" ci="0" mb="0" cb="0"/><line nr="1397" mi="3" ci="0" mb="0" cb="0"/><line nr="1398" mi="0" ci="1" mb="0" cb="0"/><line nr="1399" mi="0" ci="4" mb="0" cb="0"/><line nr="1400" mi="0" ci="4" mb="0" cb="0"/><line nr="1401" mi="0" ci="4" mb="0" cb="0"/><line nr="1402" mi="0" ci="4" mb="0" cb="0"/><line nr="1403" mi="0" ci="4" mb="0" cb="0"/><line nr="1405" mi="0" ci="3" mb="1" cb="1"/><line nr="1406" mi="0" ci="4" mb="0" cb="0"/><line nr="1407" mi="0" ci="11" mb="0" cb="2"/><line nr="1409" mi="0" ci="4" mb="0" cb="0"/><line nr="1410" mi="0" ci="6" mb="0" cb="0"/><line nr="1411" mi="0" ci="3" mb="1" cb="1"/><line nr="1412" mi="5" ci="0" mb="0" cb="0"/><line nr="1415" mi="0" ci="10" mb="0" cb="0"/><line nr="1416" mi="1" ci="0" mb="0" cb="0"/><line nr="1417" mi="2" ci="0" mb="2" cb="0"/><line nr="1418" mi="4" ci="0" mb="0" cb="0"/><line nr="1420" mi="3" ci="0" mb="0" cb="0"/><line nr="1421" mi="4" ci="0" mb="0" cb="0"/><line nr="1422" mi="0" ci="1" mb="0" cb="0"/><line nr="1424" mi="0" ci="4" mb="0" cb="0"/><line nr="1425" mi="0" ci="4" mb="0" cb="0"/><line nr="1426" mi="0" ci="4" mb="0" cb="0"/><line nr="1427" mi="0" ci="4" mb="0" cb="0"/><line nr="1428" mi="0" ci="4" mb="0" cb="0"/><line nr="1429" mi="0" ci="4" mb="0" cb="0"/><line nr="1430" mi="0" ci="4" mb="0" cb="0"/><line nr="1431" mi="0" ci="4" mb="0" cb="0"/><line nr="1432" mi="0" ci="4" mb="0" cb="0"/><line nr="1433" mi="0" ci="4" mb="0" cb="0"/><line nr="1434" mi="0" ci="4" mb="0" cb="0"/><line nr="1435" mi="0" ci="2" mb="0" cb="0"/><line nr="1437" mi="3" ci="0" mb="0" cb="0"/><line nr="1441" mi="0" ci="4" mb="0" cb="0"/><line nr="1442" mi="0" ci="10" mb="0" cb="2"/><line nr="1443" mi="0" ci="12" mb="0" cb="0"/><line nr="1444" mi="0" ci="4" mb="0" cb="0"/><line nr="1445" mi="0" ci="16" mb="0" cb="2"/><line nr="1446" mi="0" ci="8" mb="0" cb="0"/><line nr="1447" mi="0" ci="3" mb="1" cb="1"/><line nr="1448" mi="0" ci="6" mb="0" cb="0"/><line nr="1451" mi="0" ci="1" mb="0" cb="0"/><line nr="1452" mi="0" ci="2" mb="0" cb="0"/><line nr="1466" mi="0" ci="6" mb="0" cb="0"/><line nr="1485" mi="0" ci="11" mb="0" cb="0"/><line nr="1486" mi="0" ci="6" mb="0" cb="0"/><line nr="1487" mi="0" ci="12" mb="0" cb="0"/><line nr="1489" mi="0" ci="11" mb="1" cb="1"/><line nr="1491" mi="0" ci="10" mb="0" cb="0"/><line nr="1492" mi="0" ci="15" mb="0" cb="0"/><line nr="1493" mi="0" ci="12" mb="0" cb="0"/><line nr="1495" mi="0" ci="7" mb="0" cb="2"/><line nr="1496" mi="0" ci="6" mb="1" cb="1"/><line nr="1497" mi="0" ci="5" mb="1" cb="1"/><line nr="1499" mi="0" ci="8" mb="0" cb="0"/><line nr="1500" mi="0" ci="12" mb="0" cb="0"/><line nr="1501" mi="0" ci="11" mb="0" cb="0"/><line nr="1503" mi="0" ci="7" mb="0" cb="0"/><line nr="1505" mi="0" ci="3" mb="1" cb="1"/><line nr="1506" mi="0" ci="4" mb="0" cb="0"/><line nr="1507" mi="0" ci="7" mb="0" cb="0"/><line nr="1509" mi="5" ci="0" mb="0" cb="0"/><line nr="1511" mi="0" ci="20" mb="0" cb="0"/><line nr="1512" mi="0" ci="4" mb="0" cb="0"/><line nr="1513" mi="0" ci="4" mb="0" cb="0"/><line nr="1514" mi="0" ci="4" mb="0" cb="0"/><line nr="1515" mi="0" ci="3" mb="0" cb="0"/><line nr="1516" mi="0" ci="3" mb="0" cb="0"/><line nr="1518" mi="0" ci="8" mb="0" cb="0"/><line nr="1519" mi="0" ci="8" mb="0" cb="0"/><line nr="1521" mi="0" ci="8" mb="0" cb="0"/><line nr="1522" mi="0" ci="8" mb="0" cb="0"/><line nr="1523" mi="0" ci="3" mb="0" cb="0"/><line nr="1526" mi="0" ci="6" mb="0" cb="0"/><line nr="1527" mi="0" ci="6" mb="0" cb="0"/><line nr="1528" mi="1" ci="0" mb="0" cb="0"/><line nr="1529" mi="11" ci="0" mb="0" cb="0"/><line nr="1530" mi="13" ci="0" mb="0" cb="0"/><line nr="1531" mi="0" ci="1" mb="0" cb="0"/><line nr="1532" mi="0" ci="3" mb="0" cb="0"/><line nr="1534" mi="0" ci="16" mb="0" cb="0"/><line nr="1535" mi="0" ci="4" mb="0" cb="0"/><line nr="1536" mi="0" ci="3" mb="0" cb="0"/><line nr="1537" mi="0" ci="3" mb="1" cb="1"/><line nr="1538" mi="7" ci="0" mb="0" cb="0"/><line nr="1540" mi="4" ci="7" mb="1" cb="1"/><line nr="1541" mi="4" ci="0" mb="0" cb="0"/><line nr="1542" mi="3" ci="0" mb="2" cb="0"/><line nr="1543" mi="5" ci="0" mb="0" cb="0"/><line nr="1545" mi="3" ci="0" mb="2" cb="0"/><line nr="1546" mi="7" ci="0" mb="0" cb="0"/><line nr="1548" mi="3" ci="0" mb="2" cb="0"/><line nr="1549" mi="5" ci="0" mb="0" cb="0"/><line nr="1550" mi="5" ci="0" mb="2" cb="0"/><line nr="1551" mi="16" ci="0" mb="0" cb="0"/><line nr="1553" mi="1" ci="0" mb="0" cb="0"/><line nr="1554" mi="0" ci="3" mb="0" cb="0"/><line nr="1555" mi="0" ci="2" mb="0" cb="0"/><line nr="1557" mi="0" ci="1" mb="0" cb="0"/><line nr="1558" mi="2" ci="0" mb="0" cb="0"/><line nr="1572" mi="0" ci="3" mb="1" cb="1"/><line nr="1573" mi="2" ci="0" mb="0" cb="0"/><line nr="1575" mi="0" ci="6" mb="0" cb="0"/><line nr="1586" mi="0" ci="7" mb="0" cb="0"/><line nr="1587" mi="0" ci="8" mb="0" cb="0"/><line nr="1588" mi="0" ci="3" mb="0" cb="0"/><line nr="1589" mi="0" ci="2" mb="0" cb="0"/><line nr="1601" mi="0" ci="2" mb="0" cb="0"/><line nr="1602" mi="0" ci="5" mb="0" cb="0"/><line nr="1603" mi="0" ci="4" mb="0" cb="0"/><line nr="1605" mi="0" ci="2" mb="0" cb="0"/><line nr="1606" mi="0" ci="1" mb="0" cb="0"/><line nr="1607" mi="0" ci="5" mb="0" cb="0"/><line nr="1608" mi="0" ci="1" mb="0" cb="0"/><line nr="1609" mi="0" ci="5" mb="1" cb="3"/><line nr="1611" mi="0" ci="5" mb="0" cb="0"/><line nr="1612" mi="0" ci="2" mb="1" cb="1"/><line nr="1615" mi="8" ci="0" mb="0" cb="0"/><line nr="1618" mi="0" ci="3" mb="0" cb="0"/><line nr="1619" mi="0" ci="11" mb="0" cb="2"/><line nr="1620" mi="0" ci="13" mb="0" cb="0"/><line nr="1621" mi="0" ci="1" mb="0" cb="0"/><line nr="1622" mi="1" ci="0" mb="0" cb="0"/><line nr="1623" mi="2" ci="0" mb="2" cb="0"/><line nr="1624" mi="6" ci="0" mb="0" cb="0"/><line nr="1626" mi="3" ci="0" mb="0" cb="0"/><line nr="1628" mi="3" ci="0" mb="2" cb="0"/><line nr="1629" mi="6" ci="0" mb="0" cb="0"/><line nr="1631" mi="5" ci="0" mb="0" cb="0"/><line nr="1633" mi="0" ci="1" mb="0" cb="0"/><line nr="1634" mi="0" ci="6" mb="0" cb="0"/><line nr="1635" mi="0" ci="4" mb="0" cb="0"/><line nr="1636" mi="0" ci="5" mb="1" cb="3"/><line nr="1637" mi="0" ci="6" mb="0" cb="0"/><line nr="1640" mi="1" ci="0" mb="0" cb="0"/><line nr="1641" mi="4" ci="0" mb="2" cb="0"/><line nr="1642" mi="5" ci="0" mb="0" cb="0"/><line nr="1644" mi="2" ci="0" mb="0" cb="0"/><line nr="1645" mi="3" ci="0" mb="2" cb="0"/><line nr="1646" mi="6" ci="0" mb="0" cb="0"/><line nr="1648" mi="5" ci="0" mb="0" cb="0"/><line nr="1650" mi="0" ci="3" mb="0" cb="0"/><line nr="1652" mi="0" ci="1" mb="0" cb="0"/><line nr="1665" mi="0" ci="2" mb="0" cb="0"/><line nr="1666" mi="0" ci="2" mb="1" cb="1"/><line nr="1667" mi="0" ci="3" mb="0" cb="0"/><line nr="1669" mi="6" ci="0" mb="0" cb="0"/><line nr="1670" mi="3" ci="0" mb="2" cb="0"/><line nr="1671" mi="3" ci="0" mb="0" cb="0"/><line nr="1674" mi="0" ci="3" mb="1" cb="1"/><line nr="1675" mi="11" ci="0" mb="0" cb="0"/><line nr="1676" mi="3" ci="0" mb="2" cb="0"/><line nr="1677" mi="6" ci="0" mb="0" cb="0"/><line nr="1679" mi="4" ci="0" mb="0" cb="0"/><line nr="1680" mi="4" ci="0" mb="2" cb="0"/><line nr="1681" mi="4" ci="0" mb="0" cb="0"/><line nr="1683" mi="1" ci="0" mb="0" cb="0"/><line nr="1684" mi="0" ci="11" mb="0" cb="0"/><line nr="1685" mi="0" ci="4" mb="1" cb="1"/><line nr="1686" mi="5" ci="0" mb="0" cb="0"/><line nr="1689" mi="0" ci="2" mb="0" cb="0"/><line nr="1708" mi="0" ci="3" mb="0" cb="0"/><line nr="1718" mi="0" ci="3" mb="0" cb="0"/><line nr="1719" mi="0" ci="1" mb="0" cb="0"/><line nr="1727" mi="3" ci="0" mb="0" cb="0"/><line nr="1738" mi="0" ci="2" mb="0" cb="0"/><line nr="1748" mi="0" ci="3" mb="0" cb="0"/><line nr="1749" mi="8" ci="4" mb="5" cb="1"/><line nr="1750" mi="0" ci="2" mb="0" cb="0"/><line nr="1751" mi="4" ci="0" mb="2" cb="0"/><line nr="1752" mi="2" ci="0" mb="0" cb="0"/><line nr="1753" mi="4" ci="0" mb="2" cb="0"/><line nr="1754" mi="2" ci="0" mb="0" cb="0"/><line nr="1755" mi="4" ci="0" mb="2" cb="0"/><line nr="1756" mi="2" ci="0" mb="0" cb="0"/><line nr="1757" mi="4" ci="0" mb="2" cb="0"/><line nr="1758" mi="2" ci="0" mb="0" cb="0"/><line nr="1760" mi="4" ci="0" mb="0" cb="0"/><line nr="1761" mi="2" ci="0" mb="0" cb="0"/><line nr="1772" mi="0" ci="2" mb="0" cb="0"/><line nr="1785" mi="0" ci="2" mb="0" cb="0"/><line nr="1786" mi="0" ci="6" mb="0" cb="0"/><line nr="1795" mi="0" ci="5" mb="0" cb="0"/><line nr="1796" mi="0" ci="2" mb="0" cb="0"/><line nr="1798" mi="0" ci="6" mb="0" cb="0"/><line nr="1799" mi="0" ci="4" mb="0" cb="0"/><line nr="1800" mi="1" ci="0" mb="0" cb="0"/><line nr="1801" mi="4" ci="0" mb="0" cb="0"/><line nr="1802" mi="4" ci="0" mb="2" cb="0"/><line nr="1803" mi="5" ci="0" mb="0" cb="0"/><line nr="1806" mi="0" ci="2" mb="1" cb="1"/><line nr="1808" mi="0" ci="2" mb="0" cb="0"/><line nr="1809" mi="1" ci="0" mb="0" cb="0"/><line nr="1810" mi="4" ci="0" mb="2" cb="0"/><line nr="1811" mi="5" ci="0" mb="0" cb="0"/><line nr="1813" mi="0" ci="1" mb="0" cb="0"/><line nr="1816" mi="0" ci="6" mb="0" cb="0"/><line nr="1817" mi="0" ci="6" mb="0" cb="0"/><line nr="1818" mi="0" ci="6" mb="0" cb="0"/><line nr="1819" mi="0" ci="6" mb="0" cb="0"/><line nr="1820" mi="0" ci="6" mb="0" cb="0"/><line nr="1821" mi="0" ci="6" mb="0" cb="0"/><line nr="1823" mi="0" ci="3" mb="0" cb="0"/><line nr="1824" mi="0" ci="2" mb="1" cb="1"/><line nr="1825" mi="6" ci="0" mb="0" cb="0"/><line nr="1826" mi="7" ci="0" mb="0" cb="0"/><line nr="1827" mi="3" ci="0" mb="0" cb="0"/><line nr="1828" mi="3" ci="0" mb="0" cb="0"/><line nr="1829" mi="5" ci="0" mb="0" cb="0"/><line nr="1830" mi="5" ci="0" mb="0" cb="0"/><line nr="1831" mi="6" ci="0" mb="0" cb="0"/><line nr="1833" mi="0" ci="3" mb="0" cb="0"/><line nr="1834" mi="0" ci="5" mb="0" cb="0"/><line nr="1835" mi="0" ci="7" mb="0" cb="0"/><line nr="1836" mi="0" ci="6" mb="0" cb="0"/><line nr="1837" mi="0" ci="6" mb="0" cb="0"/><line nr="1838" mi="0" ci="6" mb="0" cb="0"/><line nr="1839" mi="0" ci="6" mb="0" cb="0"/><line nr="1840" mi="0" ci="6" mb="0" cb="0"/><line nr="1841" mi="0" ci="6" mb="0" cb="0"/><line nr="1842" mi="0" ci="6" mb="0" cb="0"/><line nr="1843" mi="0" ci="6" mb="0" cb="0"/><line nr="1844" mi="0" ci="6" mb="0" cb="0"/><line nr="1845" mi="0" ci="6" mb="0" cb="0"/><line nr="1846" mi="0" ci="6" mb="0" cb="0"/><line nr="1847" mi="0" ci="6" mb="0" cb="0"/><line nr="1848" mi="0" ci="6" mb="0" cb="0"/><line nr="1849" mi="0" ci="6" mb="0" cb="0"/><line nr="1850" mi="0" ci="6" mb="0" cb="0"/><line nr="1851" mi="0" ci="6" mb="0" cb="0"/><line nr="1853" mi="0" ci="6" mb="0" cb="0"/><line nr="1854" mi="0" ci="6" mb="0" cb="0"/><line nr="1855" mi="0" ci="6" mb="0" cb="0"/><line nr="1856" mi="0" ci="6" mb="0" cb="0"/><line nr="1857" mi="0" ci="5" mb="0" cb="2"/><line nr="1858" mi="0" ci="3" mb="1" cb="1"/><line nr="1859" mi="7" ci="0" mb="0" cb="0"/><line nr="1862" mi="0" ci="6" mb="0" cb="0"/><line nr="1863" mi="0" ci="6" mb="0" cb="0"/><line nr="1865" mi="0" ci="6" mb="0" cb="0"/><line nr="1867" mi="0" ci="6" mb="0" cb="0"/><line nr="1868" mi="0" ci="6" mb="0" cb="0"/><line nr="1869" mi="0" ci="6" mb="0" cb="0"/><line nr="1870" mi="0" ci="6" mb="0" cb="0"/><line nr="1871" mi="0" ci="6" mb="0" cb="0"/><line nr="1872" mi="0" ci="6" mb="0" cb="0"/><line nr="1873" mi="0" ci="6" mb="0" cb="0"/><line nr="1874" mi="0" ci="6" mb="0" cb="0"/><line nr="1875" mi="0" ci="6" mb="0" cb="0"/><line nr="1876" mi="0" ci="6" mb="0" cb="0"/><line nr="1877" mi="0" ci="6" mb="0" cb="0"/><line nr="1878" mi="0" ci="6" mb="0" cb="0"/><line nr="1879" mi="0" ci="6" mb="0" cb="0"/><line nr="1880" mi="0" ci="6" mb="0" cb="0"/><line nr="1881" mi="0" ci="6" mb="0" cb="0"/><line nr="1882" mi="0" ci="6" mb="0" cb="0"/><line nr="1883" mi="0" ci="6" mb="0" cb="0"/><line nr="1884" mi="0" ci="6" mb="0" cb="0"/><line nr="1885" mi="0" ci="6" mb="0" cb="0"/><line nr="1886" mi="0" ci="6" mb="0" cb="0"/><line nr="1887" mi="0" ci="6" mb="0" cb="0"/><line nr="1888" mi="0" ci="6" mb="0" cb="0"/><line nr="1889" mi="0" ci="6" mb="0" cb="0"/><line nr="1890" mi="0" ci="6" mb="0" cb="0"/><line nr="1891" mi="0" ci="6" mb="0" cb="0"/><line nr="1892" mi="0" ci="6" mb="0" cb="0"/><line nr="1894" mi="0" ci="3" mb="1" cb="1"/><line nr="1895" mi="0" ci="7" mb="0" cb="0"/><line nr="1896" mi="0" ci="7" mb="0" cb="0"/><line nr="1900" mi="0" ci="6" mb="0" cb="0"/><line nr="1901" mi="0" ci="6" mb="0" cb="0"/><line nr="1902" mi="0" ci="6" mb="0" cb="0"/><line nr="1904" mi="0" ci="9" mb="3" cb="3"/><line nr="1905" mi="7" ci="0" mb="0" cb="0"/><line nr="1907" mi="0" ci="6" mb="0" cb="0"/><line nr="1908" mi="0" ci="6" mb="0" cb="0"/><line nr="1910" mi="0" ci="6" mb="0" cb="0"/><line nr="1911" mi="0" ci="6" mb="0" cb="0"/><line nr="1912" mi="0" ci="6" mb="0" cb="0"/><line nr="1913" mi="0" ci="6" mb="0" cb="0"/><line nr="1914" mi="0" ci="6" mb="0" cb="0"/><line nr="1915" mi="0" ci="6" mb="0" cb="0"/><line nr="1916" mi="0" ci="13" mb="0" cb="0"/><line nr="1917" mi="0" ci="7" mb="0" cb="0"/><line nr="1918" mi="0" ci="9" mb="3" cb="3"/><line nr="1919" mi="7" ci="0" mb="0" cb="0"/><line nr="1921" mi="0" ci="6" mb="0" cb="0"/><line nr="1922" mi="0" ci="6" mb="0" cb="0"/><line nr="1924" mi="0" ci="1" mb="0" cb="0"/><line nr="1936" mi="0" ci="2" mb="1" cb="1"/><line nr="1937" mi="5" ci="0" mb="0" cb="0"/><line nr="1938" mi="2" ci="0" mb="2" cb="0"/><line nr="1939" mi="3" ci="0" mb="0" cb="0"/><line nr="1940" mi="2" ci="0" mb="0" cb="0"/><line nr="1942" mi="4" ci="0" mb="0" cb="0"/><line nr="1943" mi="1" ci="0" mb="0" cb="0"/><line nr="1944" mi="5" ci="0" mb="2" cb="0"/><line nr="1945" mi="7" ci="0" mb="4" cb="0"/><line nr="1947" mi="3" ci="0" mb="0" cb="0"/><line nr="1948" mi="8" ci="0" mb="4" cb="0"/><line nr="1949" mi="15" ci="0" mb="0" cb="0"/><line nr="1951" mi="2" ci="0" mb="0" cb="0"/><line nr="1953" mi="2" ci="0" mb="0" cb="0"/><line nr="1955" mi="1" ci="0" mb="0" cb="0"/><line nr="1956" mi="14" ci="0" mb="0" cb="0"/><line nr="1958" mi="2" ci="0" mb="0" cb="0"/><line nr="1960" mi="1" ci="0" mb="0" cb="0"/><line nr="1961" mi="5" ci="0" mb="0" cb="0"/><line nr="1962" mi="5" ci="0" mb="0" cb="0"/><line nr="1963" mi="1" ci="0" mb="0" cb="0"/><line nr="1964" mi="11" ci="0" mb="0" cb="0"/><line nr="1967" mi="0" ci="1" mb="0" cb="0"/><line nr="1987" mi="4" ci="0" mb="2" cb="0"/><line nr="1988" mi="5" ci="0" mb="0" cb="0"/><line nr="1991" mi="6" ci="0" mb="0" cb="0"/><line nr="2001" mi="0" ci="3" mb="0" cb="0"/><line nr="2002" mi="0" ci="3" mb="0" cb="2"/><line nr="2003" mi="0" ci="2" mb="1" cb="1"/><line nr="2004" mi="9" ci="0" mb="0" cb="0"/><line nr="2006" mi="0" ci="8" mb="0" cb="0"/><line nr="2007" mi="0" ci="8" mb="0" cb="0"/><line nr="2010" mi="0" ci="2" mb="0" cb="0"/><line nr="2018" mi="0" ci="51" mb="0" cb="0"/><line nr="2031" mi="0" ci="16" mb="0" cb="2"/><line nr="2034" mi="0" ci="3" mb="0" cb="0"/><line nr="2035" mi="0" ci="6" mb="0" cb="0"/><line nr="2036" mi="0" ci="3" mb="0" cb="0"/><line nr="2037" mi="0" ci="5" mb="0" cb="0"/><line nr="2038" mi="1" ci="0" mb="0" cb="0"/><line nr="2039" mi="13" ci="0" mb="0" cb="0"/><line nr="2040" mi="0" ci="1" mb="0" cb="0"/><line nr="2042" mi="0" ci="1" mb="0" cb="0"/><line nr="2050" mi="0" ci="3" mb="1" cb="1"/><line nr="2051" mi="0" ci="4" mb="0" cb="0"/><line nr="2052" mi="0" ci="5" mb="2" cb="2"/><line nr="2053" mi="3" ci="0" mb="2" cb="0"/><line nr="2054" mi="10" ci="0" mb="2" cb="0"/><line nr="2055" mi="6" ci="0" mb="2" cb="0"/><line nr="2056" mi="2" ci="0" mb="0" cb="0"/><line nr="2058" mi="2" ci="0" mb="0" cb="0"/><line nr="2060" mi="10" ci="0" mb="2" cb="0"/><line nr="2061" mi="3" ci="0" mb="2" cb="0"/><line nr="2062" mi="2" ci="0" mb="0" cb="0"/><line nr="2064" mi="1" ci="0" mb="0" cb="0"/><line nr="2068" mi="0" ci="2" mb="0" cb="0"/><line nr="2082" mi="0" ci="3" mb="0" cb="0"/><line nr="2091" mi="0" ci="3" mb="0" cb="0"/><line nr="2100" mi="0" ci="4" mb="0" cb="0"/><line nr="2101" mi="6" ci="12" mb="2" cb="2"/><line nr="2102" mi="0" ci="4" mb="0" cb="0"/><line nr="2104" mi="4" ci="0" mb="0" cb="0"/><line nr="2105" mi="1" ci="0" mb="0" cb="0"/><line nr="2106" mi="4" ci="0" mb="0" cb="0"/><line nr="2107" mi="1" ci="0" mb="0" cb="0"/><line nr="2108" mi="1" ci="0" mb="0" cb="0"/><line nr="2109" mi="0" ci="4" mb="0" cb="0"/><line nr="2110" mi="11" ci="0" mb="0" cb="0"/><line nr="2111" mi="1" ci="0" mb="0" cb="0"/><line nr="2112" mi="0" ci="4" mb="1" cb="1"/><line nr="2113" mi="4" ci="0" mb="0" cb="0"/><line nr="2115" mi="0" ci="6" mb="2" cb="2"/><line nr="2116" mi="0" ci="5" mb="0" cb="0"/><line nr="2118" mi="0" ci="2" mb="0" cb="0"/><line nr="2128" mi="0" ci="3" mb="0" cb="2"/><line nr="2129" mi="0" ci="5" mb="0" cb="0"/><line nr="2131" mi="0" ci="3" mb="0" cb="0"/><line nr="2140" mi="0" ci="3" mb="0" cb="0"/><line nr="2149" mi="0" ci="3" mb="0" cb="0"/><line nr="2162" mi="0" ci="4" mb="0" cb="0"/><line nr="2163" mi="0" ci="16" mb="0" cb="2"/><line nr="2164" mi="0" ci="2" mb="0" cb="0"/><line nr="2165" mi="0" ci="11" mb="0" cb="2"/><line nr="2166" mi="0" ci="14" mb="3" cb="3"/><line nr="2167" mi="0" ci="10" mb="2" cb="2"/><line nr="2168" mi="7" ci="2" mb="3" cb="1"/><line nr="2169" mi="2" ci="0" mb="2" cb="0"/><line nr="2170" mi="2" ci="0" mb="0" cb="0"/><line nr="2171" mi="9" ci="0" mb="0" cb="0"/><line nr="2172" mi="6" ci="0" mb="0" cb="0"/><line nr="2174" mi="7" ci="0" mb="0" cb="0"/><line nr="2177" mi="0" ci="1" mb="0" cb="0"/><line nr="2179" mi="0" ci="3" mb="1" cb="1"/><line nr="2181" mi="3" ci="0" mb="2" cb="0"/><line nr="2182" mi="3" ci="0" mb="2" cb="0"/><line nr="2183" mi="9" ci="0" mb="0" cb="0"/><line nr="2184" mi="2" ci="0" mb="0" cb="0"/><line nr="2186" mi="10" ci="0" mb="0" cb="0"/><line nr="2187" mi="7" ci="0" mb="0" cb="0"/><line nr="2190" mi="5" ci="0" mb="0" cb="0"/><line nr="2193" mi="5" ci="0" mb="0" cb="0"/><line nr="2195" mi="0" ci="1" mb="0" cb="0"/><line nr="2205" mi="0" ci="3" mb="1" cb="1"/><line nr="2206" mi="0" ci="4" mb="0" cb="0"/><line nr="2208" mi="0" ci="1" mb="0" cb="0"/><counter type="INSTRUCTION" missed="1108" covered="2177"/><counter type="BRANCH" missed="200" covered="130"/><counter type="LINE" missed="229" covered="432"/><counter type="COMPLEXITY" missed="149" covered="67"/><counter type="METHOD" missed="8" covered="43"/><counter type="CLASS" missed="0" covered="1"/></sourcefile><sourcefile name="FilteringDependencyTransitiveNodeVisitor.java"><line nr="50" mi="0" ci="2" mb="0" cb="0"/><line nr="51" mi="0" ci="3" mb="0" cb="0"/><line nr="52" mi="0" ci="3" mb="0" cb="0"/><line nr="53" mi="0" ci="1" mb="0" cb="0"/><line nr="62" mi="0" ci="5" mb="1" cb="1"/><line nr="63" mi="0" ci="6" mb="0" cb="0"/><line nr="65" mi="2" ci="0" mb="0" cb="0"/><line nr="68" mi="0" ci="2" mb="0" cb="0"/><line nr="78" mi="0" ci="5" mb="1" cb="1"/><line nr="79" mi="0" ci="6" mb="0" cb="0"/><line nr="81" mi="2" ci="0" mb="0" cb="0"/><line nr="84" mi="0" ci="2" mb="0" cb="0"/><line nr="93" mi="3" ci="0" mb="0" cb="0"/><line nr="103" mi="3" ci="0" mb="0" cb="0"/><counter type="INSTRUCTION" missed="10" covered="35"/><counter type="BRANCH" missed="2" covered="2"/><counter type="LINE" missed="4" covered="10"/><counter type="COMPLEXITY" missed="4" covered="3"/><counter type="METHOD" missed="2" covered="3"/><counter type="CLASS" missed="0" covered="1"/></sourcefile><sourcefile name="ArtifactTypeExcluded.java"><line nr="42" mi="0" ci="2" mb="0" cb="0"/><line nr="43" mi="0" ci="3" mb="0" cb="0"/><line nr="44" mi="0" ci="1" mb="0" cb="0"/><line nr="52" mi="0" ci="16" mb="0" cb="6"/><counter type="INSTRUCTION" missed="0" covered="22"/><counter type="BRANCH" missed="0" covered="6"/><counter type="LINE" missed="0" covered="4"/><counter type="COMPLEXITY" missed="0" covered="5"/><counter type="METHOD" missed="0" covered="2"/><counter type="CLASS" missed="0" covered="1"/></sourcefile><sourcefile name="ArtifactScopeExcluded.java"><line nr="60" mi="0" ci="2" mb="0" cb="0"/><line nr="61" mi="0" ci="3" mb="0" cb="0"/><line nr="62" mi="0" ci="3" mb="0" cb="0"/><line nr="63" mi="0" ci="3" mb="0" cb="0"/><line nr="64" mi="0" ci="3" mb="0" cb="0"/><line nr="65" mi="0" ci="1" mb="0" cb="0"/><line nr="77" mi="0" ci="7" mb="1" cb="3"/><line nr="78" mi="0" ci="2" mb="0" cb="0"/><line nr="80" mi="4" ci="3" mb="3" cb="1"/><line nr="81" mi="2" ci="0" mb="0" cb="0"/><line nr="83" mi="0" ci="7" mb="1" cb="3"/><line nr="84" mi="0" ci="2" mb="0" cb="0"/><line nr="86" mi="0" ci="7" mb="0" cb="4"/><line nr="87" mi="0" ci="2" mb="0" cb="0"/><line nr="89" mi="4" ci="6" mb="3" cb="3"/><line nr="90" mi="2" ci="0" mb="0" cb="0"/><line nr="92" mi="0" ci="2" mb="0" cb="0"/><counter type="INSTRUCTION" missed="12" covered="53"/><counter type="BRANCH" missed="8" covered="14"/><counter type="LINE" missed="2" covered="15"/><counter type="COMPLEXITY" missed="6" covered="7"/><counter type="METHOD" missed="0" covered="2"/><counter type="CLASS" missed="0" covered="1"/></sourcefile><sourcefile name="HelpMojo.java"><line nr="29" mi="3" ci="0" mb="0" cb="0"/><line nr="69" mi="4" ci="0" mb="0" cb="0"/><line nr="70" mi="2" ci="0" mb="0" cb="0"/><line nr="73" mi="5" ci="0" mb="0" cb="0"/><line nr="74" mi="2" ci="0" mb="0" cb="0"/><line nr="75" mi="3" ci="0" mb="0" cb="0"/><line nr="76" mi="6" ci="0" mb="0" cb="0"/><line nr="78" mi="1" ci="0" mb="0" cb="0"/><line nr="80" mi="7" ci="0" mb="0" cb="0"/><line nr="82" mi="1" ci="0" mb="0" cb="0"/><line nr="84" mi="7" ci="0" mb="0" cb="0"/><line nr="86" mi="1" ci="0" mb="0" cb="0"/><line nr="88" mi="7" ci="0" mb="0" cb="0"/><line nr="92" mi="2" ci="0" mb="2" cb="0"/><line nr="96" mi="2" ci="0" mb="0" cb="0"/><line nr="98" mi="1" ci="0" mb="0" cb="0"/><line nr="100" mi="7" ci="0" mb="0" cb="0"/><line nr="101" mi="1" ci="0" mb="0" cb="0"/><line nr="112" mi="3" ci="0" mb="2" cb="0"/><line nr="114" mi="4" ci="0" mb="0" cb="0"/><line nr="115" mi="3" ci="0" mb="0" cb="0"/><line nr="117" mi="3" ci="0" mb="2" cb="0"/><line nr="119" mi="4" ci="0" mb="0" cb="0"/><line nr="120" mi="3" ci="0" mb="0" cb="0"/><line nr="123" mi="3" ci="0" mb="0" cb="0"/><line nr="125" mi="4" ci="0" mb="0" cb="0"/><line nr="126" mi="5" ci="0" mb="0" cb="0"/><line nr="129" mi="5" ci="0" mb="0" cb="0"/><line nr="130" mi="5" ci="0" mb="0" cb="0"/><line nr="131" mi="21" ci="0" mb="0" cb="0"/><line nr="132" mi="7" ci="0" mb="4" cb="0"/><line nr="134" mi="15" ci="0" mb="0" cb="0"/><line nr="138" mi="3" ci="0" mb="2" cb="0"/><line nr="140" mi="6" ci="0" mb="0" cb="0"/><line nr="144" mi="5" ci="0" mb="0" cb="0"/><line nr="147" mi="8" ci="0" mb="0" cb="0"/><line nr="148" mi="5" ci="0" mb="0" cb="0"/><line nr="151" mi="5" ci="0" mb="0" cb="0"/><line nr="153" mi="5" ci="0" mb="0" cb="0"/><line nr="155" mi="5" ci="0" mb="0" cb="0"/><line nr="157" mi="7" ci="0" mb="4" cb="0"/><line nr="159" mi="21" ci="0" mb="2" cb="0"/><line nr="160" mi="5" ci="0" mb="0" cb="0"/><line nr="163" mi="10" ci="0" mb="2" cb="0"/><line nr="165" mi="6" ci="0" mb="0" cb="0"/><line nr="166" mi="1" ci="0" mb="0" cb="0"/><line nr="168" mi="4" ci="0" mb="2" cb="0"/><line nr="170" mi="5" ci="0" mb="0" cb="0"/><line nr="172" mi="1" ci="0" mb="0" cb="0"/><line nr="177" mi="9" ci="0" mb="4" cb="0"/><line nr="183" mi="6" ci="0" mb="0" cb="0"/><line nr="189" mi="5" ci="0" mb="0" cb="0"/><line nr="190" mi="3" ci="0" mb="2" cb="0"/><line nr="192" mi="14" ci="0" mb="0" cb="0"/><line nr="194" mi="4" ci="0" mb="2" cb="0"/><line nr="196" mi="14" ci="0" mb="0" cb="0"/><line nr="198" mi="5" ci="0" mb="0" cb="0"/><line nr="203" mi="4" ci="0" mb="0" cb="0"/><line nr="204" mi="3" ci="0" mb="0" cb="0"/><line nr="205" mi="8" ci="0" mb="2" cb="0"/><line nr="207" mi="4" ci="0" mb="0" cb="0"/><line nr="208" mi="5" ci="0" mb="2" cb="0"/><line nr="210" mi="4" ci="0" mb="0" cb="0"/><line nr="213" mi="2" ci="0" mb="0" cb="0"/><line nr="219" mi="5" ci="0" mb="0" cb="0"/><line nr="220" mi="3" ci="0" mb="2" cb="0"/><line nr="222" mi="2" ci="0" mb="0" cb="0"/><line nr="224" mi="4" ci="0" mb="2" cb="0"/><line nr="226" mi="14" ci="0" mb="0" cb="0"/><line nr="228" mi="5" ci="0" mb="0" cb="0"/><line nr="234" mi="5" ci="0" mb="0" cb="0"/><line nr="235" mi="5" ci="0" mb="0" cb="0"/><line nr="236" mi="5" ci="0" mb="0" cb="0"/><line nr="237" mi="12" ci="0" mb="6" cb="0"/><line nr="239" mi="14" ci="0" mb="0" cb="0"/><line nr="240" mi="5" ci="0" mb="0" cb="0"/><line nr="241" mi="6" ci="0" mb="4" cb="0"/><line nr="243" mi="13" ci="0" mb="0" cb="0"/><line nr="244" mi="5" ci="0" mb="4" cb="0"/><line nr="246" mi="5" ci="0" mb="0" cb="0"/><line nr="247" mi="7" ci="0" mb="0" cb="0"/><line nr="250" mi="2" ci="0" mb="2" cb="0"/><line nr="252" mi="6" ci="0" mb="0" cb="0"/><line nr="254" mi="5" ci="0" mb="0" cb="0"/><line nr="256" mi="3" ci="0" mb="2" cb="0"/><line nr="258" mi="5" ci="0" mb="0" cb="0"/><line nr="259" mi="5" ci="0" mb="0" cb="0"/><line nr="260" mi="5" ci="0" mb="0" cb="0"/><line nr="261" mi="5" ci="0" mb="0" cb="0"/><line nr="263" mi="10" ci="0" mb="2" cb="0"/><line nr="265" mi="5" ci="0" mb="0" cb="0"/><line nr="266" mi="1" ci="0" mb="0" cb="0"/><line nr="269" mi="1" ci="0" mb="0" cb="0"/><line nr="274" mi="5" ci="0" mb="0" cb="0"/><line nr="275" mi="5" ci="0" mb="0" cb="0"/><line nr="277" mi="2" ci="0" mb="0" cb="0"/><line nr="278" mi="2" ci="0" mb="2" cb="0"/><line nr="280" mi="6" ci="0" mb="0" cb="0"/><line nr="283" mi="2" ci="0" mb="0" cb="0"/><line nr="284" mi="6" ci="0" mb="4" cb="0"/><line nr="286" mi="13" ci="0" mb="0" cb="0"/><line nr="288" mi="12" ci="0" mb="0" cb="0"/><line nr="289" mi="5" ci="0" mb="0" cb="0"/><line nr="290" mi="6" ci="0" mb="4" cb="0"/><line nr="292" mi="13" ci="0" mb="0" cb="0"/><line nr="293" mi="5" ci="0" mb="0" cb="0"/><line nr="295" mi="5" ci="0" mb="0" cb="0"/><line nr="296" mi="7" ci="0" mb="2" cb="0"/><line nr="298" mi="5" ci="0" mb="0" cb="0"/><line nr="300" mi="6" ci="0" mb="4" cb="0"/><line nr="302" mi="5" ci="0" mb="0" cb="0"/><line nr="303" mi="12" ci="0" mb="0" cb="0"/><line nr="306" mi="5" ci="0" mb="0" cb="0"/><line nr="307" mi="1" ci="0" mb="0" cb="0"/><line nr="320" mi="8" ci="0" mb="0" cb="0"/><line nr="322" mi="7" ci="0" mb="2" cb="0"/><line nr="324" mi="4" ci="0" mb="0" cb="0"/><line nr="327" mi="3" ci="0" mb="0" cb="0"/><line nr="340" mi="16" ci="0" mb="2" cb="0"/><line nr="342" mi="6" ci="0" mb="0" cb="0"/><line nr="343" mi="1" ci="0" mb="0" cb="0"/><line nr="344" mi="1" ci="0" mb="0" cb="0"/><line nr="358" mi="4" ci="0" mb="0" cb="0"/><line nr="360" mi="4" ci="0" mb="0" cb="0"/><line nr="362" mi="4" ci="0" mb="0" cb="0"/><line nr="364" mi="16" ci="0" mb="2" cb="0"/><line nr="366" mi="12" ci="0" mb="0" cb="0"/><line nr="369" mi="2" ci="0" mb="0" cb="0"/><line nr="382" mi="3" ci="0" mb="0" cb="0"/><line nr="383" mi="5" ci="0" mb="0" cb="0"/><line nr="385" mi="4" ci="0" mb="0" cb="0"/><line nr="387" mi="16" ci="0" mb="2" cb="0"/><line nr="389" mi="3" ci="0" mb="2" cb="0"/><line nr="391" mi="7" ci="0" mb="2" cb="0"/><line nr="393" mi="5" ci="0" mb="0" cb="0"/><line nr="394" mi="3" ci="0" mb="0" cb="0"/><line nr="395" mi="9" ci="0" mb="0" cb="0"/><line nr="399" mi="4" ci="0" mb="0" cb="0"/><line nr="403" mi="8" ci="0" mb="2" cb="0"/><line nr="405" mi="4" ci="0" mb="0" cb="0"/><line nr="406" mi="3" ci="0" mb="2" cb="0"/><line nr="408" mi="12" ci="0" mb="0" cb="0"/><line nr="410" mi="3" ci="0" mb="2" cb="0"/><line nr="412" mi="5" ci="0" mb="0" cb="0"/><line nr="416" mi="4" ci="0" mb="0" cb="0"/><line nr="420" mi="5" ci="0" mb="0" cb="0"/><line nr="421" mi="1" ci="0" mb="0" cb="0"/><line nr="431" mi="2" ci="0" mb="0" cb="0"/><line nr="432" mi="13" ci="0" mb="4" cb="0"/><line nr="434" mi="1" ci="0" mb="0" cb="0"/><line nr="436" mi="15" ci="0" mb="4" cb="0"/><line nr="438" mi="5" ci="0" mb="2" cb="0"/><line nr="440" mi="1" ci="0" mb="0" cb="0"/><line nr="441" mi="1" ci="0" mb="0" cb="0"/><line nr="444" mi="2" ci="0" mb="0" cb="0"/><line nr="449" mi="12" ci="0" mb="6" cb="0"/><line nr="450" mi="4" ci="0" mb="2" cb="0"/><line nr="453" mi="8" ci="0" mb="0" cb="0"/><line nr="456" mi="2" ci="0" mb="0" cb="0"/><counter type="INSTRUCTION" missed="893" covered="0"/><counter type="BRANCH" missed="110" covered="0"/><counter type="LINE" missed="159" covered="0"/><counter type="COMPLEXITY" missed="71" covered="0"/><counter type="METHOD" missed="16" covered="0"/><counter type="CLASS" missed="1" covered="0"/></sourcefile><sourcefile name="CheckMojo.java"><line nr="43" mi="0" ci="2" mb="0" cb="0"/><line nr="48" mi="0" ci="4" mb="0" cb="0"/><line nr="60" mi="0" ci="2" mb="0" cb="0"/><line nr="61" mi="0" ci="2" mb="0" cb="0"/><line nr="62" mi="0" ci="12" mb="1" cb="1"/><line nr="63" mi="0" ci="6" mb="1" cb="1"/><line nr="64" mi="0" ci="2" mb="0" cb="0"/><line nr="65" mi="0" ci="1" mb="0" cb="0"/><line nr="67" mi="1" ci="0" mb="0" cb="0"/><line nr="68" mi="0" ci="2" mb="0" cb="0"/><line nr="79" mi="0" ci="3" mb="0" cb="0"/><line nr="91" mi="0" ci="2" mb="0" cb="0"/><line nr="104" mi="0" ci="6" mb="0" cb="0"/><counter type="INSTRUCTION" missed="1" covered="44"/><counter type="BRANCH" missed="2" covered="2"/><counter type="LINE" missed="1" covered="12"/><counter type="COMPLEXITY" missed="2" covered="5"/><counter type="METHOD" missed="0" covered="5"/><counter type="CLASS" missed="0" covered="1"/></sourcefile><sourcefile name="Retirejs.java"><line nr="27" mi="0" ci="3" mb="0" cb="0"/><line nr="47" mi="0" ci="3" mb="0" cb="0"/><line nr="60" mi="0" ci="3" mb="0" cb="0"/><counter type="INSTRUCTION" missed="0" covered="9"/><counter type="LINE" missed="0" covered="3"/><counter type="COMPLEXITY" missed="0" covered="3"/><counter type="METHOD" missed="0" covered="3"/><counter type="CLASS" missed="0" covered="1"/></sourcefile><sourcefile name="UpdateMojo.java"><line nr="47" mi="0" ci="3" mb="0" cb="0"/><line nr="56" mi="2" ci="0" mb="0" cb="0"/><line nr="70" mi="0" ci="5" mb="0" cb="0"/><line nr="72" mi="0" ci="5" mb="1" cb="1"/><line nr="73" mi="5" ci="0" mb="0" cb="0"/><line nr="75" mi="1" ci="0" mb="0" cb="0"/><line nr="76" mi="5" ci="0" mb="0" cb="0"/><line nr="77" mi="0" ci="1" mb="0" cb="0"/><line nr="78" mi="0" ci="2" mb="0" cb="0"/><line nr="79" mi="1" ci="0" mb="0" cb="0"/><line nr="80" mi="4" ci="0" mb="2" cb="0"/><line nr="81" mi="5" ci="0" mb="0" cb="0"/><line nr="83" mi="2" ci="0" mb="0" cb="0"/><line nr="84" mi="3" ci="0" mb="2" cb="0"/><line nr="85" mi="6" ci="0" mb="0" cb="0"/><line nr="87" mi="4" ci="0" mb="0" cb="0"/><line nr="88" mi="1" ci="0" mb="0" cb="0"/><line nr="89" mi="2" ci="0" mb="0" cb="0"/><line nr="90" mi="3" ci="0" mb="2" cb="0"/><line nr="91" mi="6" ci="0" mb="0" cb="0"/><line nr="93" mi="4" ci="0" mb="0" cb="0"/><line nr="94" mi="1" ci="1" mb="0" cb="0"/><line nr="95" mi="0" ci="1" mb="0" cb="0"/><line nr="105" mi="2" ci="0" mb="0" cb="0"/><line nr="117" mi="2" ci="0" mb="0" cb="0"/><line nr="130" mi="5" ci="0" mb="0" cb="0"/><counter type="INSTRUCTION" missed="64" covered="18"/><counter type="BRANCH" missed="7" covered="1"/><counter type="LINE" missed="19" covered="7"/><counter type="COMPLEXITY" missed="8" covered="2"/><counter type="METHOD" missed="4" covered="2"/><counter type="CLASS" missed="0" covered="1"/></sourcefile><sourcefile name="AggregateMojo.java"><line nr="49" mi="0" ci="2" mb="0" cb="0"/><line nr="54" mi="0" ci="4" mb="0" cb="0"/><line nr="67" mi="0" ci="7" mb="0" cb="0"/><line nr="68" mi="0" ci="13" mb="0" cb="2"/><line nr="71" mi="0" ci="6" mb="0" cb="0"/><line nr="72" mi="0" ci="2" mb="1" cb="1"/><line nr="73" mi="2" ci="0" mb="2" cb="0"/><line nr="74" mi="2" ci="0" mb="0" cb="0"/><line nr="76" mi="6" ci="0" mb="0" cb="0"/><line nr="77" mi="3" ci="0" mb="2" cb="0"/><line nr="78" mi="3" ci="0" mb="0" cb="0"/><line nr="79" mi="10" ci="0" mb="0" cb="0"/><line nr="80" mi="3" ci="0" mb="2" cb="0"/><line nr="81" mi="6" ci="0" mb="0" cb="0"/><line nr="83" mi="4" ci="0" mb="0" cb="0"/><line nr="84" mi="4" ci="0" mb="2" cb="0"/><line nr="85" mi="4" ci="0" mb="0" cb="0"/><line nr="89" mi="0" ci="1" mb="0" cb="0"/><line nr="90" mi="0" ci="2" mb="0" cb="0"/><line nr="101" mi="0" ci="2" mb="1" cb="1"/><line nr="102" mi="2" ci="0" mb="0" cb="0"/><line nr="104" mi="0" ci="4" mb="0" cb="0"/><line nr="106" mi="0" ci="4" mb="0" cb="2"/><line nr="107" mi="0" ci="12" mb="0" cb="0"/><line nr="109" mi="0" ci="11" mb="0" cb="2"/><line nr="110" mi="0" ci="11" mb="0" cb="2"/><line nr="112" mi="0" ci="7" mb="0" cb="0"/><line nr="113" mi="0" ci="3" mb="0" cb="0"/><line nr="114" mi="0" ci="10" mb="1" cb="3"/><line nr="115" mi="0" ci="3" mb="0" cb="2"/><line nr="116" mi="0" ci="12" mb="0" cb="0"/><line nr="119" mi="1" ci="0" mb="0" cb="0"/><line nr="120" mi="4" ci="0" mb="2" cb="0"/><line nr="121" mi="5" ci="0" mb="0" cb="0"/><line nr="123" mi="0" ci="1" mb="0" cb="0"/><line nr="124" mi="0" ci="1" mb="0" cb="0"/><line nr="125" mi="0" ci="1" mb="0" cb="0"/><line nr="127" mi="0" ci="3" mb="0" cb="0"/><line nr="128" mi="0" ci="11" mb="0" cb="2"/><line nr="129" mi="0" ci="10" mb="0" cb="4"/><line nr="130" mi="4" ci="4" mb="3" cb="1"/><line nr="131" mi="12" ci="0" mb="0" cb="0"/><line nr="134" mi="0" ci="11" mb="0" cb="2"/><line nr="135" mi="0" ci="11" mb="1" cb="3"/><line nr="136" mi="0" ci="3" mb="0" cb="2"/><line nr="137" mi="0" ci="3" mb="1" cb="1"/><line nr="138" mi="0" ci="12" mb="0" cb="0"/><line nr="140" mi="0" ci="1" mb="0" cb="0"/><line nr="142" mi="0" ci="4" mb="0" cb="0"/><line nr="143" mi="0" ci="10" mb="0" cb="2"/><line nr="144" mi="0" ci="11" mb="0" cb="2"/><line nr="146" mi="0" ci="7" mb="0" cb="0"/><line nr="147" mi="0" ci="3" mb="0" cb="0"/><line nr="148" mi="0" ci="5" mb="0" cb="2"/><line nr="149" mi="0" ci="4" mb="0" cb="0"/><line nr="151" mi="1" ci="0" mb="0" cb="0"/><line nr="152" mi="4" ci="0" mb="2" cb="0"/><line nr="153" mi="5" ci="0" mb="0" cb="0"/><line nr="155" mi="0" ci="1" mb="0" cb="0"/><line nr="156" mi="0" ci="1" mb="0" cb="0"/><line nr="157" mi="0" ci="1" mb="0" cb="0"/><line nr="158" mi="0" ci="10" mb="0" cb="2"/><line nr="159" mi="4" ci="4" mb="3" cb="1"/><line nr="160" mi="12" ci="0" mb="0" cb="0"/><line nr="162" mi="0" ci="1" mb="0" cb="0"/><line nr="163" mi="0" ci="1" mb="0" cb="0"/><line nr="164" mi="0" ci="6" mb="0" cb="4"/><line nr="165" mi="0" ci="4" mb="0" cb="2"/><line nr="166" mi="0" ci="17" mb="0" cb="0"/><line nr="168" mi="0" ci="2" mb="0" cb="0"/><line nr="179" mi="5" ci="0" mb="0" cb="0"/><line nr="184" mi="2" ci="0" mb="0" cb="0"/><line nr="195" mi="3" ci="0" mb="0" cb="0"/><line nr="207" mi="2" ci="0" mb="0" cb="0"/><counter type="INSTRUCTION" missed="113" covered="280"/><counter type="BRANCH" missed="23" covered="45"/><counter type="LINE" missed="24" covered="50"/><counter type="COMPLEXITY" missed="19" covered="22"/><counter type="METHOD" missed="4" covered="3"/><counter type="CLASS" missed="0" covered="1"/></sourcefile><sourcefile name="PurgeMojo.java"><line nr="43" mi="3" ci="0" mb="0" cb="0"/><line nr="52" mi="2" ci="0" mb="0" cb="0"/><line nr="65" mi="2" ci="0" mb="0" cb="0"/><line nr="66" mi="9" ci="0" mb="0" cb="0"/><line nr="67" mi="3" ci="0" mb="0" cb="0"/><line nr="69" mi="3" ci="0" mb="0" cb="0"/><line nr="71" mi="1" ci="0" mb="0" cb="0"/><line nr="81" mi="2" ci="0" mb="0" cb="0"/><line nr="93" mi="2" ci="0" mb="0" cb="0"/><line nr="105" mi="5" ci="0" mb="0" cb="0"/><counter type="INSTRUCTION" missed="32" covered="0"/><counter type="LINE" missed="10" covered="0"/><counter type="COMPLEXITY" missed="6" covered="0"/><counter type="METHOD" missed="6" covered="0"/><counter type="CLASS" missed="1" covered="0"/></sourcefile><counter type="INSTRUCTION" missed="2233" covered="2638"/><counter type="BRANCH" missed="352" covered="200"/><counter type="LINE" missed="448" covered="533"/><counter type="COMPLEXITY" missed="265" covered="114"/><counter type="METHOD" missed="40" covered="63"/><counter type="CLASS" missed="2" covered="8"/></package><counter type="INSTRUCTION" missed="2233" covered="2638"/><counter type="BRANCH" missed="352" covered="200"/><counter type="LINE" missed="448" covered="533"/><counter type="COMPLEXITY" missed="265" covered="114"/><counter type="METHOD" missed="40" covered="63"/><counter type="CLASS" missed="2" covered="8"/></report>